Processing network in '../input/barabasi-albert_10000_4.adjlist'...
55 0
54 1
54 2
52 3
51 4
56 5
51 6
49 7
49 8
56 9
57 10
56 11
48 12
52 13
51 14
55 15
51 16
49 17
50 18
51 19
48 20
54 21
54 22
49 23
55 24
48 25
49 26
51 27
53 28
57 29
48 30
57 31
52 32
57 33
49 34
56 35
53 36
49 37
57 38
51 39
56 40
48 41
48 42
57 43
51 44
55 45
56 46
50 47
49 48
57 49
48 50
51 51
51 52
55 53
55 54
57 55
57 56
48 57
54 58
51 59
56 60
51 61
57 62
57 63
53 64
55 65
55 66
51 67
51 68
51 69
57 70
49 71
50 72
55 73
48 74
56 75
57 76
52 77
53 78
54 79
56 80
56 81
49 82
56 83
54 84
50 85
55 86
54 87
54 88
48 89
56 90
53 91
54 92
55 93
57 94
57 95
49 96
54 97
48 98
52 99
48 100
52 101
57 102
49 103
49 104
50 105
49 106
51 107
55 108
49 109
52 110
50 111
52 112
56 113
54 114
51 115
56 116
56 117
54 118
57 119
53 120
57 121
52 122
55 123
53 124
57 125
50 126
55 127
52 128
49 129
55 130
57 131
53 132
52 133
54 134
55 135
55 136
53 137
49 138
51 139
52 140
57 141
49 142
55 143
52 144
48 145
50 146
56 147
57 148
53 149
48 150
48 151
52 152
57 153
49 154
49 155
48 156
53 157
55 158
56 159
55 160
50 161
56 162
52 163
48 164
53 165
54 166
53 167
50 168
50 169
50 170
57 171
55 172
55 173
50 174
53 175
48 176
56 177
49 178
50 179
53 180
49 181
48 182
53 183
53 184
53 185
53 186
54 187
48 188
57 189
49 190
56 191
55 192
49 193
51 194
54 195
50 196
57 197
50 198
56 199
49 200
49 201
52 202
57 203
48 204
57 205
55 206
52 207
56 208
53 209
48 210
55 211
54 212
51 213
52 214
54 215
54 216
50 217
50 218
51 219
51 220
53 221
54 222
53 223
51 224
50 225
48 226
48 227
55 228
48 229
49 230
56 231
54 232
48 233
54 234
54 235
56 236
49 237
49 238
56 239
48 240
50 241
49 242
50 243
55 244
56 245
55 246
55 247
52 248
57 249
52 250
51 251
48 252
54 253
50 254
53 255
48 256
54 257
50 258
57 259
49 260
54 261
54 262
50 263
48 264
48 265
53 266
56 267
53 268
51 269
53 270
48 271
57 272
48 273
52 274
49 275
51 276
49 277
49 278
49 279
57 280
50 281
57 282
50 283
50 284
49 285
48 286
49 287
51 288
55 289
55 290
51 291
51 292
49 293
48 294
56 295
56 296
48 297
55 298
49 299
49 300
52 301
55 302
57 303
56 304
53 305
48 306
53 307
48 308
54 309
49 310
56 311
56 312
56 313
51 314
49 315
49 316
51 317
52 318
54 319
55 320
48 321
56 322
54 323
50 324
51 325
57 326
55 327
50 328
48 329
50 330
48 331
56 332
50 333
48 334
53 335
56 336
51 337
53 338
52 339
52 340
55 341
51 342
49 343
53 344
55 345
53 346
57 347
50 348
49 349
50 350
56 351
55 352
55 353
52 354
57 355
57 356
55 357
57 358
49 359
54 360
48 361
56 362
49 363
55 364
49 365
55 366
51 367
50 368
48 369
54 370
50 371
48 372
56 373
54 374
53 375
52 376
49 377
53 378
48 379
50 380
51 381
53 382
48 383
55 384
50 385
54 386
57 387
50 388
53 389
51 390
49 391
49 392
53 393
51 394
51 395
52 396
55 397
49 398
53 399
51 400
48 401
48 402
56 403
57 404
53 405
57 406
49 407
55 408
51 409
56 410
57 411
51 412
50 413
50 414
55 415
50 416
55 417
56 418
50 419
56 420
48 421
52 422
55 423
53 424
56 425
57 426
57 427
51 428
54 429
54 430
48 431
54 432
53 433
53 434
50 435
54 436
50 437
48 438
52 439
55 440
51 441
54 442
57 443
48 444
52 445
53 446
50 447
57 448
49 449
56 450
55 451
51 452
52 453
56 454
52 455
52 456
51 457
50 458
52 459
48 460
51 461
54 462
52 463
52 464
48 465
50 466
51 467
56 468
54 469
52 470
56 471
52 472
49 473
50 474
48 475
49 476
57 477
49 478
55 479
54 480
50 481
55 482
53 483
57 484
49 485
49 486
55 487
53 488
53 489
52 490
50 491
55 492
48 493
55 494
57 495
50 496
54 497
55 498
51 499
57 500
52 501
56 502
54 503
50 504
57 505
50 506
54 507
50 508
57 509
57 510
48 511
57 512
53 513
51 514
52 515
53 516
49 517
56 518
48 519
50 520
53 521
55 522
57 523
53 524
50 525
50 526
53 527
49 528
51 529
48 530
55 531
56 532
53 533
56 534
55 535
48 536
51 537
55 538
50 539
57 540
51 541
50 542
54 543
51 544
48 545
57 546
51 547
48 548
53 549
48 550
51 551
50 552
55 553
50 554
57 555
48 556
52 557
52 558
55 559
54 560
55 561
54 562
53 563
50 564
48 565
49 566
50 567
55 568
51 569
48 570
50 571
49 572
55 573
55 574
53 575
55 576
53 577
48 578
49 579
52 580
52 581
56 582
52 583
53 584
51 585
48 586
54 587
49 588
55 589
53 590
53 591
49 592
55 593
53 594
55 595
55 596
54 597
53 598
57 599
50 600
52 601
56 602
50 603
55 604
52 605
54 606
48 607
49 608
55 609
54 610
50 611
54 612
55 613
54 614
57 615
48 616
54 617
53 618
54 619
56 620
52 621
52 622
57 623
55 624
57 625
52 626
52 627
52 628
49 629
51 630
54 631
54 632
55 633
52 634
55 635
53 636
55 637
56 638
52 639
53 640
55 641
54 642
48 643
50 644
48 645
52 646
50 647
50 648
56 649
52 650
49 651
54 652
49 653
56 654
56 655
48 656
53 657
56 658
54 659
53 660
57 661
51 662
50 663
57 664
53 665
52 666
53 667
56 668
53 669
56 670
49 671
53 672
54 673
50 674
49 675
50 676
57 677
56 678
54 679
52 680
55 681
54 682
53 683
50 684
54 685
57 686
52 687
56 688
52 689
54 690
50 691
57 692
51 693
54 694
49 695
48 696
51 697
54 698
56 699
57 700
57 701
56 702
55 703
56 704
56 705
50 706
57 707
53 708
49 709
50 710
48 711
49 712
54 713
48 714
57 715
53 716
49 717
56 718
56 719
54 720
50 721
51 722
53 723
57 724
51 725
57 726
55 727
55 728
52 729
52 730
53 731
49 732
56 733
50 734
48 735
57 736
55 737
57 738
49 739
52 740
52 741
54 742
52 743
55 744
57 745
54 746
50 747
56 748
54 749
54 750
55 751
55 752
50 753
55 754
53 755
50 756
54 757
54 758
52 759
50 760
49 761
51 762
55 763
49 764
49 765
54 766
51 767
52 768
54 769
55 770
50 771
51 772
51 773
55 774
56 775
53 776
54 777
55 778
51 779
57 780
53 781
56 782
49 783
55 784
54 785
48 786
49 787
55 788
56 789
50 790
53 791
54 792
57 793
55 794
55 795
53 796
50 797
54 798
53 799
51 800
48 801
57 802
57 803
50 804
57 805
56 806
50 807
50 808
48 809
57 810
54 811
48 812
48 813
48 814
54 815
51 816
53 817
51 818
55 819
52 820
49 821
52 822
53 823
53 824
53 825
49 826
51 827
51 828
57 829
48 830
51 831
51 832
56 833
51 834
57 835
56 836
57 837
54 838
57 839
57 840
56 841
53 842
54 843
54 844
55 845
56 846
49 847
50 848
49 849
53 850
50 851
55 852
53 853
52 854
48 855
57 856
49 857
49 858
54 859
55 860
57 861
53 862
49 863
51 864
54 865
56 866
57 867
56 868
48 869
53 870
48 871
49 872
53 873
50 874
57 875
56 876
51 877
51 878
57 879
50 880
56 881
55 882
56 883
51 884
52 885
50 886
53 887
48 888
57 889
54 890
53 891
51 892
53 893
48 894
52 895
56 896
52 897
50 898
56 899
50 900
53 901
53 902
53 903
54 904
54 905
55 906
55 907
49 908
50 909
55 910
56 911
50 912
49 913
50 914
53 915
57 916
54 917
48 918
54 919
51 920
50 921
57 922
54 923
49 924
54 925
50 926
48 927
57 928
54 929
55 930
50 931
56 932
49 933
50 934
56 935
57 936
50 937
55 938
49 939
52 940
50 941
49 942
54 943
50 944
49 945
55 946
50 947
54 948
49 949
57 950
54 951
50 952
57 953
57 954
57 955
54 956
49 957
53 958
51 959
50 960
52 961
57 962
52 963
57 964
49 965
56 966
49 967
48 968
56 969
53 970
49 971
48 972
54 973
52 974
48 975
51 976
54 977
48 978
55 979
56 980
53 981
56 982
54 983
52 984
54 985
55 986
54 987
49 988
51 989
54 990
55 991
56 992
56 993
52 994
54 995
52 996
55 997
57 998
49 999
52 1000
49 1001
52 1002
56 1003
53 1004
56 1005
55 1006
49 1007
49 1008
53 1009
56 1010
48 1011
51 1012
55 1013
49 1014
57 1015
54 1016
56 1017
53 1018
55 1019
57 1020
52 1021
54 1022
53 1023
50 1024
48 1025
50 1026
56 1027
55 1028
48 1029
51 1030
55 1031
52 1032
53 1033
48 1034
55 1035
56 1036
55 1037
50 1038
50 1039
48 1040
49 1041
52 1042
52 1043
56 1044
54 1045
57 1046
53 1047
48 1048
53 1049
52 1050
51 1051
48 1052
53 1053
50 1054
56 1055
50 1056
48 1057
57 1058
49 1059
52 1060
53 1061
56 1062
55 1063
55 1064
49 1065
53 1066
50 1067
51 1068
56 1069
53 1070
51 1071
54 1072
52 1073
55 1074
49 1075
50 1076
56 1077
54 1078
53 1079
52 1080
50 1081
48 1082
55 1083
54 1084
56 1085
53 1086
52 1087
48 1088
50 1089
52 1090
50 1091
49 1092
53 1093
53 1094
50 1095
48 1096
56 1097
53 1098
54 1099
51 1100
55 1101
52 1102
51 1103
49 1104
49 1105
48 1106
52 1107
54 1108
48 1109
48 1110
49 1111
53 1112
53 1113
53 1114
49 1115
56 1116
52 1117
52 1118
57 1119
51 1120
57 1121
51 1122
57 1123
50 1124
54 1125
56 1126
48 1127
48 1128
53 1129
51 1130
53 1131
53 1132
56 1133
50 1134
55 1135
50 1136
55 1137
53 1138
52 1139
56 1140
52 1141
53 1142
51 1143
49 1144
48 1145
55 1146
50 1147
48 1148
56 1149
57 1150
55 1151
57 1152
52 1153
51 1154
57 1155
54 1156
49 1157
54 1158
48 1159
56 1160
54 1161
55 1162
48 1163
56 1164
48 1165
57 1166
48 1167
53 1168
50 1169
52 1170
53 1171
56 1172
55 1173
48 1174
48 1175
53 1176
49 1177
56 1178
48 1179
50 1180
52 1181
51 1182
54 1183
48 1184
52 1185
50 1186
55 1187
57 1188
50 1189
53 1190
50 1191
51 1192
56 1193
54 1194
57 1195
53 1196
52 1197
56 1198
48 1199
57 1200
53 1201
54 1202
48 1203
48 1204
52 1205
54 1206
56 1207
52 1208
50 1209
50 1210
56 1211
54 1212
49 1213
56 1214
56 1215
51 1216
48 1217
48 1218
51 1219
48 1220
54 1221
50 1222
55 1223
56 1224
52 1225
52 1226
55 1227
57 1228
52 1229
49 1230
49 1231
49 1232
50 1233
48 1234
50 1235
56 1236
54 1237
49 1238
56 1239
48 1240
53 1241
54 1242
54 1243
56 1244
49 1245
51 1246
55 1247
53 1248
52 1249
48 1250
54 1251
56 1252
54 1253
54 1254
56 1255
54 1256
54 1257
55 1258
51 1259
55 1260
50 1261
52 1262
49 1263
52 1264
57 1265
51 1266
57 1267
57 1268
48 1269
53 1270
48 1271
48 1272
51 1273
53 1274
51 1275
52 1276
55 1277
50 1278
55 1279
50 1280
52 1281
50 1282
49 1283
56 1284
54 1285
56 1286
55 1287
48 1288
49 1289
54 1290
53 1291
55 1292
49 1293
49 1294
57 1295
54 1296
53 1297
49 1298
49 1299
55 1300
51 1301
55 1302
57 1303
51 1304
51 1305
57 1306
53 1307
51 1308
55 1309
48 1310
52 1311
52 1312
56 1313
53 1314
48 1315
55 1316
52 1317
57 1318
48 1319
50 1320
52 1321
48 1322
49 1323
51 1324
54 1325
57 1326
49 1327
54 1328
56 1329
50 1330
49 1331
51 1332
51 1333
54 1334
51 1335
50 1336
51 1337
51 1338
54 1339
50 1340
50 1341
52 1342
48 1343
50 1344
51 1345
52 1346
50 1347
49 1348
57 1349
49 1350
53 1351
49 1352
53 1353
48 1354
50 1355
49 1356
48 1357
54 1358
48 1359
55 1360
56 1361
50 1362
55 1363
48 1364
48 1365
57 1366
57 1367
49 1368
52 1369
48 1370
49 1371
51 1372
48 1373
56 1374
50 1375
49 1376
48 1377
55 1378
51 1379
50 1380
49 1381
48 1382
51 1383
51 1384
55 1385
54 1386
51 1387
51 1388
50 1389
56 1390
48 1391
48 1392
53 1393
52 1394
51 1395
56 1396
57 1397
55 1398
53 1399
55 1400
49 1401
52 1402
48 1403
55 1404
53 1405
52 1406
52 1407
55 1408
57 1409
53 1410
57 1411
51 1412
57 1413
57 1414
50 1415
57 1416
51 1417
52 1418
56 1419
51 1420
50 1421
53 1422
51 1423
56 1424
50 1425
51 1426
51 1427
51 1428
51 1429
50 1430
56 1431
49 1432
48 1433
56 1434
49 1435
54 1436
56 1437
56 1438
56 1439
48 1440
49 1441
54 1442
53 1443
57 1444
48 1445
57 1446
52 1447
52 1448
57 1449
53 1450
56 1451
56 1452
51 1453
50 1454
56 1455
57 1456
50 1457
52 1458
50 1459
55 1460
51 1461
54 1462
50 1463
51 1464
49 1465
54 1466
57 1467
54 1468
56 1469
53 1470
55 1471
55 1472
51 1473
53 1474
49 1475
48 1476
52 1477
57 1478
48 1479
54 1480
49 1481
57 1482
53 1483
48 1484
49 1485
53 1486
50 1487
55 1488
50 1489
53 1490
48 1491
52 1492
48 1493
57 1494
49 1495
52 1496
53 1497
55 1498
51 1499
55 1500
48 1501
50 1502
54 1503
48 1504
53 1505
51 1506
50 1507
54 1508
53 1509
51 1510
54 1511
53 1512
57 1513
48 1514
57 1515
51 1516
48 1517
57 1518
48 1519
53 1520
54 1521
53 1522
55 1523
54 1524
57 1525
57 1526
49 1527
56 1528
54 1529
53 1530
53 1531
54 1532
52 1533
51 1534
51 1535
48 1536
52 1537
52 1538
57 1539
56 1540
51 1541
51 1542
53 1543
51 1544
53 1545
49 1546
50 1547
49 1548
55 1549
57 1550
51 1551
51 1552
51 1553
48 1554
50 1555
50 1556
48 1557
57 1558
48 1559
54 1560
50 1561
50 1562
55 1563
55 1564
50 1565
57 1566
50 1567
50 1568
54 1569
56 1570
52 1571
55 1572
57 1573
50 1574
56 1575
49 1576
49 1577
56 1578
56 1579
55 1580
56 1581
52 1582
50 1583
54 1584
49 1585
48 1586
49 1587
51 1588
51 1589
49 1590
57 1591
54 1592
57 1593
57 1594
56 1595
53 1596
49 1597
54 1598
50 1599
51 1600
56 1601
52 1602
56 1603
53 1604
49 1605
51 1606
53 1607
56 1608
55 1609
53 1610
52 1611
49 1612
56 1613
55 1614
51 1615
54 1616
54 1617
49 1618
49 1619
53 1620
50 1621
57 1622
57 1623
53 1624
53 1625
51 1626
53 1627
51 1628
57 1629
56 1630
56 1631
54 1632
56 1633
55 1634
49 1635
50 1636
48 1637
51 1638
51 1639
51 1640
49 1641
56 1642
55 1643
54 1644
57 1645
57 1646
49 1647
53 1648
54 1649
51 1650
50 1651
57 1652
49 1653
55 1654
48 1655
50 1656
48 1657
50 1658
57 1659
48 1660
57 1661
53 1662
51 1663
57 1664
52 1665
54 1666
48 1667
57 1668
50 1669
57 1670
50 1671
57 1672
52 1673
54 1674
57 1675
56 1676
53 1677
54 1678
56 1679
53 1680
54 1681
49 1682
49 1683
57 1684
51 1685
49 1686
52 1687
50 1688
54 1689
55 1690
54 1691
49 1692
56 1693
57 1694
54 1695
49 1696
48 1697
56 1698
56 1699
54 1700
56 1701
57 1702
50 1703
49 1704
48 1705
57 1706
56 1707
49 1708
48 1709
49 1710
56 1711
48 1712
50 1713
51 1714
57 1715
49 1716
54 1717
48 1718
55 1719
55 1720
54 1721
56 1722
51 1723
48 1724
50 1725
52 1726
51 1727
57 1728
55 1729
49 1730
54 1731
55 1732
54 1733
55 1734
54 1735
48 1736
55 1737
57 1738
54 1739
53 1740
54 1741
56 1742
50 1743
51 1744
56 1745
53 1746
50 1747
49 1748
50 1749
56 1750
52 1751
56 1752
52 1753
51 1754
53 1755
51 1756
52 1757
48 1758
48 1759
52 1760
49 1761
48 1762
54 1763
55 1764
51 1765
48 1766
55 1767
50 1768
51 1769
49 1770
53 1771
50 1772
51 1773
48 1774
49 1775
53 1776
51 1777
51 1778
57 1779
48 1780
49 1781
57 1782
54 1783
49 1784
55 1785
56 1786
54 1787
48 1788
48 1789
56 1790
54 1791
51 1792
53 1793
49 1794
50 1795
52 1796
52 1797
56 1798
49 1799
57 1800
57 1801
49 1802
50 1803
54 1804
52 1805
55 1806
53 1807
54 1808
49 1809
49 1810
52 1811
51 1812
53 1813
50 1814
55 1815
48 1816
50 1817
56 1818
53 1819
51 1820
57 1821
50 1822
51 1823
51 1824
52 1825
57 1826
51 1827
53 1828
54 1829
48 1830
53 1831
56 1832
54 1833
49 1834
57 1835
50 1836
53 1837
57 1838
53 1839
57 1840
53 1841
57 1842
51 1843
55 1844
53 1845
49 1846
51 1847
50 1848
55 1849
50 1850
52 1851
49 1852
50 1853
48 1854
51 1855
57 1856
56 1857
57 1858
52 1859
49 1860
51 1861
50 1862
56 1863
53 1864
55 1865
56 1866
50 1867
55 1868
48 1869
52 1870
51 1871
56 1872
51 1873
56 1874
48 1875
54 1876
57 1877
49 1878
54 1879
54 1880
57 1881
53 1882
54 1883
54 1884
55 1885
51 1886
57 1887
57 1888
51 1889
56 1890
52 1891
50 1892
56 1893
56 1894
56 1895
56 1896
49 1897
51 1898
54 1899
52 1900
57 1901
49 1902
55 1903
55 1904
48 1905
54 1906
51 1907
52 1908
50 1909
48 1910
49 1911
51 1912
57 1913
57 1914
48 1915
48 1916
54 1917
51 1918
53 1919
57 1920
54 1921
49 1922
57 1923
49 1924
48 1925
51 1926
56 1927
53 1928
49 1929
55 1930
48 1931
50 1932
49 1933
51 1934
50 1935
55 1936
52 1937
48 1938
52 1939
51 1940
48 1941
51 1942
57 1943
52 1944
57 1945
53 1946
49 1947
52 1948
50 1949
49 1950
48 1951
51 1952
57 1953
55 1954
49 1955
51 1956
54 1957
48 1958
48 1959
52 1960
53 1961
54 1962
55 1963
53 1964
48 1965
51 1966
52 1967
57 1968
54 1969
50 1970
53 1971
54 1972
51 1973
54 1974
50 1975
54 1976
50 1977
56 1978
57 1979
52 1980
54 1981
57 1982
48 1983
53 1984
56 1985
54 1986
52 1987
55 1988
51 1989
52 1990
52 1991
57 1992
50 1993
49 1994
54 1995
56 1996
48 1997
55 1998
55 1999
49 2000
51 2001
55 2002
53 2003
53 2004
53 2005
57 2006
52 2007
49 2008
56 2009
53 2010
51 2011
51 2012
52 2013
53 2014
52 2015
48 2016
52 2017
57 2018
57 2019
55 2020
54 2021
53 2022
57 2023
50 2024
54 2025
50 2026
52 2027
53 2028
55 2029
54 2030
54 2031
54 2032
57 2033
56 2034
50 2035
53 2036
56 2037
48 2038
52 2039
57 2040
57 2041
50 2042
54 2043
48 2044
57 2045
57 2046
56 2047
51 2048
48 2049
51 2050
56 2051
52 2052
55 2053
53 2054
52 2055
48 2056
55 2057
54 2058
51 2059
56 2060
57 2061
49 2062
49 2063
52 2064
54 2065
51 2066
54 2067
54 2068
49 2069
51 2070
48 2071
49 2072
56 2073
50 2074
52 2075
51 2076
51 2077
57 2078
51 2079
48 2080
55 2081
57 2082
56 2083
52 2084
48 2085
51 2086
52 2087
48 2088
54 2089
55 2090
51 2091
50 2092
57 2093
51 2094
50 2095
53 2096
52 2097
48 2098
54 2099
49 2100
49 2101
56 2102
56 2103
52 2104
56 2105
49 2106
48 2107
51 2108
49 2109
48 2110
55 2111
49 2112
54 2113
48 2114
48 2115
49 2116
56 2117
49 2118
51 2119
51 2120
54 2121
55 2122
50 2123
49 2124
51 2125
55 2126
49 2127
53 2128
51 2129
49 2130
53 2131
52 2132
53 2133
48 2134
51 2135
52 2136
54 2137
50 2138
50 2139
48 2140
48 2141
52 2142
53 2143
48 2144
50 2145
48 2146
53 2147
57 2148
54 2149
54 2150
55 2151
50 2152
52 2153
50 2154
55 2155
51 2156
57 2157
55 2158
57 2159
50 2160
55 2161
54 2162
57 2163
55 2164
57 2165
50 2166
50 2167
55 2168
50 2169
48 2170
54 2171
49 2172
49 2173
51 2174
50 2175
48 2176
49 2177
55 2178
55 2179
48 2180
57 2181
53 2182
49 2183
50 2184
48 2185
56 2186
52 2187
56 2188
50 2189
53 2190
53 2191
48 2192
48 2193
53 2194
55 2195
55 2196
54 2197
54 2198
54 2199
55 2200
50 2201
52 2202
51 2203
51 2204
56 2205
54 2206
52 2207
50 2208
56 2209
48 2210
52 2211
53 2212
53 2213
55 2214
57 2215
51 2216
54 2217
48 2218
57 2219
53 2220
54 2221
57 2222
55 2223
52 2224
50 2225
57 2226
56 2227
49 2228
48 2229
49 2230
49 2231
54 2232
52 2233
52 2234
49 2235
53 2236
54 2237
51 2238
53 2239
51 2240
57 2241
54 2242
56 2243
53 2244
53 2245
48 2246
54 2247
50 2248
48 2249
52 2250
49 2251
51 2252
50 2253
50 2254
53 2255
56 2256
48 2257
49 2258
57 2259
50 2260
49 2261
48 2262
55 2263
55 2264
54 2265
51 2266
49 2267
54 2268
53 2269
54 2270
56 2271
51 2272
50 2273
50 2274
54 2275
57 2276
57 2277
56 2278
48 2279
54 2280
57 2281
55 2282
57 2283
53 2284
51 2285
55 2286
52 2287
48 2288
50 2289
48 2290
51 2291
52 2292
54 2293
53 2294
52 2295
52 2296
52 2297
48 2298
52 2299
48 2300
53 2301
54 2302
53 2303
51 2304
51 2305
50 2306
49 2307
54 2308
49 2309
54 2310
50 2311
49 2312
57 2313
49 2314
56 2315
55 2316
55 2317
55 2318
50 2319
53 2320
49 2321
48 2322
48 2323
50 2324
53 2325
53 2326
53 2327
56 2328
53 2329
49 2330
52 2331
51 2332
50 2333
52 2334
57 2335
56 2336
57 2337
56 2338
54 2339
52 2340
55 2341
52 2342
55 2343
57 2344
56 2345
56 2346
53 2347
57 2348
57 2349
54 2350
53 2351
55 2352
54 2353
53 2354
53 2355
53 2356
50 2357
50 2358
57 2359
51 2360
52 2361
54 2362
52 2363
52 2364
50 2365
49 2366
54 2367
57 2368
51 2369
51 2370
53 2371
56 2372
54 2373
48 2374
57 2375
52 2376
50 2377
54 2378
51 2379
48 2380
51 2381
50 2382
56 2383
57 2384
56 2385
53 2386
57 2387
54 2388
48 2389
51 2390
49 2391
56 2392
49 2393
51 2394
57 2395
49 2396
52 2397
48 2398
50 2399
52 2400
57 2401
50 2402
48 2403
52 2404
51 2405
53 2406
53 2407
54 2408
51 2409
48 2410
56 2411
56 2412
49 2413
53 2414
51 2415
48 2416
55 2417
53 2418
55 2419
51 2420
55 2421
51 2422
55 2423
56 2424
50 2425
57 2426
54 2427
51 2428
51 2429
55 2430
57 2431
54 2432
49 2433
56 2434
57 2435
53 2436
53 2437
55 2438
52 2439
56 2440
48 2441
50 2442
51 2443
56 2444
56 2445
54 2446
50 2447
49 2448
51 2449
56 2450
48 2451
57 2452
50 2453
52 2454
49 2455
56 2456
50 2457
57 2458
50 2459
57 2460
48 2461
57 2462
56 2463
49 2464
52 2465
51 2466
53 2467
55 2468
57 2469
52 2470
49 2471
54 2472
53 2473
55 2474
53 2475
55 2476
53 2477
50 2478
53 2479
51 2480
54 2481
51 2482
52 2483
51 2484
49 2485
53 2486
50 2487
53 2488
57 2489
54 2490
49 2491
50 2492
52 2493
51 2494
55 2495
56 2496
54 2497
57 2498
52 2499
50 2500
57 2501
48 2502
53 2503
57 2504
50 2505
51 2506
55 2507
56 2508
50 2509
50 2510
54 2511
53 2512
54 2513
53 2514
53 2515
53 2516
56 2517
54 2518
55 2519
50 2520
57 2521
56 2522
52 2523
52 2524
53 2525
56 2526
56 2527
57 2528
51 2529
48 2530
53 2531
50 2532
51 2533
51 2534
53 2535
53 2536
52 2537
55 2538
49 2539
49 2540
52 2541
53 2542
49 2543
56 2544
55 2545
49 2546
54 2547
51 2548
51 2549
56 2550
49 2551
57 2552
53 2553
51 2554
55 2555
54 2556
53 2557
54 2558
50 2559
53 2560
49 2561
50 2562
51 2563
50 2564
49 2565
57 2566
56 2567
52 2568
50 2569
54 2570
52 2571
55 2572
50 2573
56 2574
53 2575
48 2576
56 2577
51 2578
48 2579
56 2580
51 2581
57 2582
52 2583
56 2584
54 2585
56 2586
50 2587
48 2588
57 2589
49 2590
49 2591
50 2592
53 2593
53 2594
54 2595
51 2596
50 2597
50 2598
53 2599
54 2600
49 2601
55 2602
53 2603
55 2604
50 2605
49 2606
51 2607
52 2608
48 2609
56 2610
57 2611
50 2612
54 2613
57 2614
49 2615
54 2616
57 2617
51 2618
50 2619
53 2620
51 2621
55 2622
49 2623
53 2624
52 2625
52 2626
48 2627
54 2628
57 2629
54 2630
52 2631
50 2632
53 2633
55 2634
48 2635
51 2636
55 2637
54 2638
49 2639
48 2640
57 2641
50 2642
57 2643
49 2644
49 2645
48 2646
52 2647
52 2648
56 2649
57 2650
52 2651
51 2652
50 2653
57 2654
54 2655
50 2656
56 2657
50 2658
49 2659
55 2660
49 2661
56 2662
54 2663
50 2664
52 2665
52 2666
55 2667
57 2668
57 2669
50 2670
57 2671
48 2672
52 2673
52 2674
51 2675
51 2676
57 2677
55 2678
55 2679
51 2680
57 2681
52 2682
49 2683
54 2684
54 2685
56 2686
51 2687
57 2688
48 2689
54 2690
55 2691
54 2692
57 2693
55 2694
55 2695
54 2696
56 2697
53 2698
52 2699
55 2700
48 2701
52 2702
57 2703
48 2704
55 2705
52 2706
54 2707
49 2708
52 2709
53 2710
49 2711
50 2712
57 2713
51 2714
54 2715
54 2716
49 2717
56 2718
56 2719
52 2720
56 2721
49 2722
49 2723
49 2724
54 2725
55 2726
49 2727
50 2728
57 2729
55 2730
57 2731
50 2732
54 2733
52 2734
53 2735
49 2736
48 2737
48 2738
56 2739
49 2740
48 2741
54 2742
51 2743
56 2744
48 2745
54 2746
48 2747
49 2748
49 2749
53 2750
57 2751
48 2752
52 2753
57 2754
54 2755
54 2756
51 2757
55 2758
50 2759
56 2760
56 2761
57 2762
49 2763
48 2764
51 2765
54 2766
53 2767
50 2768
57 2769
48 2770
56 2771
53 2772
55 2773
50 2774
49 2775
56 2776
49 2777
56 2778
49 2779
51 2780
57 2781
48 2782
56 2783
50 2784
52 2785
54 2786
49 2787
48 2788
52 2789
48 2790
49 2791
51 2792
52 2793
57 2794
55 2795
57 2796
54 2797
57 2798
52 2799
53 2800
51 2801
50 2802
53 2803
52 2804
52 2805
54 2806
52 2807
56 2808
54 2809
52 2810
56 2811
48 2812
53 2813
51 2814
57 2815
53 2816
55 2817
53 2818
52 2819
52 2820
55 2821
57 2822
49 2823
49 2824
57 2825
54 2826
51 2827
57 2828
56 2829
54 2830
50 2831
57 2832
54 2833
56 2834
57 2835
49 2836
55 2837
53 2838
50 2839
54 2840
55 2841
57 2842
54 2843
51 2844
49 2845
56 2846
51 2847
55 2848
52 2849
55 2850
54 2851
50 2852
55 2853
52 2854
55 2855
51 2856
54 2857
48 2858
57 2859
49 2860
51 2861
55 2862
53 2863
57 2864
57 2865
54 2866
52 2867
53 2868
53 2869
54 2870
50 2871
50 2872
56 2873
52 2874
50 2875
55 2876
57 2877
51 2878
50 2879
49 2880
53 2881
57 2882
51 2883
52 2884
50 2885
53 2886
48 2887
48 2888
49 2889
54 2890
48 2891
54 2892
51 2893
51 2894
48 2895
51 2896
52 2897
56 2898
50 2899
49 2900
49 2901
55 2902
50 2903
48 2904
52 2905
54 2906
55 2907
51 2908
54 2909
50 2910
49 2911
57 2912
52 2913
50 2914
51 2915
50 2916
48 2917
54 2918
57 2919
53 2920
57 2921
57 2922
48 2923
50 2924
52 2925
52 2926
51 2927
51 2928
51 2929
55 2930
53 2931
56 2932
53 2933
57 2934
53 2935
50 2936
55 2937
56 2938
56 2939
55 2940
57 2941
56 2942
51 2943
50 2944
51 2945
56 2946
48 2947
53 2948
54 2949
53 2950
56 2951
48 2952
51 2953
51 2954
53 2955
52 2956
49 2957
51 2958
57 2959
57 2960
57 2961
55 2962
55 2963
51 2964
53 2965
57 2966
49 2967
51 2968
57 2969
54 2970
52 2971
48 2972
51 2973
52 2974
53 2975
57 2976
50 2977
56 2978
49 2979
57 2980
49 2981
55 2982
57 2983
57 2984
53 2985
48 2986
48 2987
48 2988
56 2989
48 2990
52 2991
55 2992
54 2993
53 2994
49 2995
53 2996
53 2997
48 2998
49 2999
48 3000
52 3001
51 3002
48 3003
55 3004
53 3005
49 3006
48 3007
49 3008
53 3009
49 3010
49 3011
57 3012
54 3013
54 3014
53 3015
54 3016
57 3017
55 3018
55 3019
51 3020
50 3021
56 3022
55 3023
49 3024
53 3025
52 3026
55 3027
53 3028
55 3029
53 3030
57 3031
56 3032
53 3033
48 3034
50 3035
54 3036
50 3037
55 3038
57 3039
57 3040
57 3041
51 3042
55 3043
57 3044
49 3045
54 3046
55 3047
51 3048
56 3049
54 3050
53 3051
54 3052
56 3053
54 3054
50 3055
50 3056
53 3057
51 3058
49 3059
48 3060
49 3061
56 3062
56 3063
52 3064
48 3065
56 3066
50 3067
51 3068
49 3069
54 3070
49 3071
54 3072
51 3073
49 3074
57 3075
51 3076
55 3077
49 3078
51 3079
51 3080
53 3081
50 3082
54 3083
48 3084
54 3085
53 3086
51 3087
49 3088
52 3089
57 3090
55 3091
57 3092
54 3093
52 3094
57 3095
57 3096
54 3097
48 3098
57 3099
48 3100
56 3101
57 3102
52 3103
54 3104
49 3105
50 3106
54 3107
55 3108
57 3109
48 3110
55 3111
52 3112
57 3113
51 3114
50 3115
54 3116
48 3117
54 3118
57 3119
54 3120
49 3121
57 3122
51 3123
48 3124
50 3125
51 3126
52 3127
55 3128
55 3129
50 3130
49 3131
49 3132
49 3133
56 3134
52 3135
55 3136
49 3137
49 3138
51 3139
52 3140
48 3141
54 3142
48 3143
52 3144
51 3145
51 3146
50 3147
54 3148
52 3149
51 3150
48 3151
50 3152
50 3153
53 3154
49 3155
50 3156
54 3157
54 3158
49 3159
48 3160
48 3161
49 3162
55 3163
52 3164
57 3165
50 3166
52 3167
57 3168
53 3169
57 3170
52 3171
51 3172
52 3173
49 3174
48 3175
50 3176
55 3177
57 3178
53 3179
56 3180
49 3181
50 3182
48 3183
48 3184
50 3185
53 3186
56 3187
55 3188
54 3189
55 3190
54 3191
49 3192
48 3193
52 3194
49 3195
54 3196
57 3197
48 3198
57 3199
54 3200
49 3201
50 3202
52 3203
52 3204
48 3205
55 3206
57 3207
55 3208
57 3209
48 3210
49 3211
56 3212
55 3213
57 3214
57 3215
55 3216
56 3217
56 3218
48 3219
54 3220
49 3221
50 3222
57 3223
53 3224
56 3225
50 3226
49 3227
56 3228
50 3229
52 3230
56 3231
52 3232
49 3233
49 3234
49 3235
53 3236
53 3237
55 3238
53 3239
50 3240
53 3241
55 3242
50 3243
54 3244
50 3245
56 3246
54 3247
57 3248
55 3249
48 3250
53 3251
50 3252
53 3253
48 3254
53 3255
54 3256
54 3257
56 3258
52 3259
53 3260
49 3261
50 3262
50 3263
52 3264
55 3265
54 3266
55 3267
49 3268
57 3269
52 3270
52 3271
48 3272
54 3273
48 3274
54 3275
55 3276
53 3277
49 3278
48 3279
55 3280
55 3281
50 3282
49 3283
48 3284
54 3285
52 3286
48 3287
54 3288
57 3289
54 3290
52 3291
56 3292
55 3293
57 3294
50 3295
50 3296
54 3297
52 3298
48 3299
57 3300
57 3301
51 3302
56 3303
57 3304
55 3305
56 3306
53 3307
56 3308
57 3309
52 3310
55 3311
50 3312
51 3313
51 3314
53 3315
51 3316
48 3317
51 3318
57 3319
50 3320
52 3321
51 3322
54 3323
50 3324
57 3325
57 3326
54 3327
57 3328
56 3329
49 3330
51 3331
52 3332
51 3333
52 3334
54 3335
57 3336
53 3337
52 3338
54 3339
55 3340
50 3341
50 3342
50 3343
55 3344
57 3345
55 3346
54 3347
50 3348
53 3349
56 3350
53 3351
49 3352
51 3353
51 3354
50 3355
49 3356
50 3357
53 3358
51 3359
48 3360
53 3361
56 3362
48 3363
54 3364
52 3365
51 3366
50 3367
56 3368
57 3369
57 3370
57 3371
53 3372
56 3373
54 3374
57 3375
54 3376
52 3377
49 3378
52 3379
52 3380
53 3381
50 3382
50 3383
52 3384
49 3385
49 3386
49 3387
52 3388
54 3389
52 3390
54 3391
54 3392
51 3393
48 3394
52 3395
54 3396
55 3397
54 3398
48 3399
53 3400
49 3401
48 3402
57 3403
50 3404
51 3405
54 3406
56 3407
49 3408
57 3409
51 3410
49 3411
52 3412
54 3413
52 3414
48 3415
54 3416
55 3417
56 3418
53 3419
49 3420
56 3421
55 3422
53 3423
49 3424
53 3425
56 3426
55 3427
53 3428
50 3429
57 3430
51 3431
52 3432
51 3433
51 3434
52 3435
48 3436
50 3437
51 3438
54 3439
54 3440
57 3441
49 3442
54 3443
48 3444
51 3445
53 3446
52 3447
56 3448
56 3449
50 3450
49 3451
55 3452
53 3453
57 3454
52 3455
51 3456
54 3457
49 3458
50 3459
57 3460
50 3461
51 3462
53 3463
52 3464
49 3465
53 3466
49 3467
49 3468
53 3469
54 3470
54 3471
55 3472
48 3473
53 3474
51 3475
52 3476
57 3477
51 3478
49 3479
53 3480
50 3481
51 3482
54 3483
49 3484
52 3485
55 3486
51 3487
56 3488
52 3489
55 3490
55 3491
57 3492
49 3493
50 3494
53 3495
54 3496
52 3497
53 3498
56 3499
51 3500
49 3501
56 3502
53 3503
49 3504
52 3505
50 3506
56 3507
53 3508
56 3509
52 3510
50 3511
49 3512
51 3513
51 3514
50 3515
52 3516
49 3517
50 3518
57 3519
56 3520
57 3521
55 3522
54 3523
53 3524
53 3525
54 3526
53 3527
54 3528
48 3529
53 3530
48 3531
55 3532
53 3533
57 3534
50 3535
50 3536
53 3537
50 3538
49 3539
52 3540
49 3541
56 3542
54 3543
57 3544
54 3545
49 3546
53 3547
52 3548
48 3549
49 3550
56 3551
51 3552
48 3553
52 3554
49 3555
57 3556
52 3557
49 3558
57 3559
56 3560
55 3561
52 3562
48 3563
53 3564
53 3565
56 3566
50 3567
54 3568
53 3569
49 3570
54 3571
54 3572
57 3573
52 3574
56 3575
54 3576
50 3577
53 3578
50 3579
54 3580
55 3581
50 3582
56 3583
52 3584
56 3585
54 3586
57 3587
49 3588
55 3589
51 3590
51 3591
50 3592
48 3593
53 3594
56 3595
51 3596
52 3597
54 3598
53 3599
52 3600
48 3601
50 3602
50 3603
52 3604
55 3605
49 3606
56 3607
54 3608
52 3609
48 3610
55 3611
50 3612
50 3613
53 3614
53 3615
53 3616
49 3617
54 3618
48 3619
49 3620
55 3621
50 3622
51 3623
54 3624
57 3625
49 3626
55 3627
48 3628
52 3629
52 3630
48 3631
48 3632
56 3633
51 3634
52 3635
54 3636
50 3637
54 3638
50 3639
56 3640
55 3641
53 3642
52 3643
56 3644
50 3645
54 3646
55 3647
56 3648
52 3649
51 3650
48 3651
48 3652
52 3653
57 3654
54 3655
52 3656
57 3657
55 3658
54 3659
48 3660
49 3661
54 3662
50 3663
54 3664
53 3665
54 3666
51 3667
49 3668
57 3669
50 3670
57 3671
48 3672
57 3673
50 3674
55 3675
48 3676
48 3677
48 3678
57 3679
54 3680
48 3681
55 3682
57 3683
50 3684
49 3685
49 3686
55 3687
51 3688
52 3689
48 3690
57 3691
50 3692
55 3693
53 3694
55 3695
57 3696
55 3697
53 3698
51 3699
52 3700
48 3701
50 3702
55 3703
52 3704
52 3705
57 3706
52 3707
56 3708
57 3709
53 3710
54 3711
49 3712
52 3713
53 3714
55 3715
50 3716
55 3717
48 3718
51 3719
49 3720
56 3721
49 3722
52 3723
52 3724
49 3725
53 3726
51 3727
56 3728
52 3729
55 3730
51 3731
55 3732
53 3733
57 3734
55 3735
54 3736
50 3737
52 3738
55 3739
49 3740
56 3741
57 3742
56 3743
48 3744
54 3745
48 3746
48 3747
56 3748
50 3749
50 3750
49 3751
49 3752
49 3753
54 3754
49 3755
52 3756
53 3757
54 3758
52 3759
57 3760
54 3761
50 3762
55 3763
54 3764
50 3765
48 3766
55 3767
56 3768
53 3769
52 3770
54 3771
52 3772
48 3773
54 3774
53 3775
56 3776
52 3777
49 3778
49 3779
56 3780
49 3781
49 3782
51 3783
56 3784
54 3785
51 3786
53 3787
56 3788
52 3789
51 3790
50 3791
53 3792
51 3793
48 3794
54 3795
50 3796
49 3797
48 3798
53 3799
54 3800
49 3801
55 3802
48 3803
52 3804
53 3805
56 3806
57 3807
56 3808
55 3809
57 3810
52 3811
55 3812
52 3813
53 3814
55 3815
57 3816
55 3817
54 3818
57 3819
53 3820
55 3821
54 3822
49 3823
52 3824
53 3825
56 3826
53 3827
56 3828
48 3829
54 3830
53 3831
57 3832
51 3833
53 3834
52 3835
48 3836
57 3837
53 3838
54 3839
54 3840
55 3841
52 3842
52 3843
48 3844
56 3845
52 3846
54 3847
49 3848
50 3849
51 3850
49 3851
55 3852
51 3853
52 3854
48 3855
55 3856
56 3857
52 3858
57 3859
57 3860
54 3861
55 3862
51 3863
53 3864
53 3865
51 3866
49 3867
56 3868
57 3869
55 3870
49 3871
50 3872
51 3873
54 3874
51 3875
54 3876
50 3877
56 3878
54 3879
53 3880
53 3881
53 3882
49 3883
48 3884
54 3885
52 3886
57 3887
56 3888
54 3889
55 3890
54 3891
50 3892
55 3893
53 3894
55 3895
54 3896
57 3897
56 3898
48 3899
56 3900
56 3901
56 3902
54 3903
49 3904
54 3905
48 3906
49 3907
56 3908
54 3909
51 3910
50 3911
55 3912
55 3913
52 3914
48 3915
50 3916
48 3917
48 3918
49 3919
53 3920
55 3921
54 3922
57 3923
52 3924
51 3925
54 3926
50 3927
56 3928
49 3929
48 3930
51 3931
54 3932
51 3933
55 3934
49 3935
54 3936
56 3937
51 3938
54 3939
54 3940
49 3941
52 3942
52 3943
49 3944
55 3945
51 3946
56 3947
48 3948
53 3949
55 3950
48 3951
49 3952
53 3953
48 3954
56 3955
56 3956
54 3957
53 3958
48 3959
48 3960
49 3961
54 3962
50 3963
52 3964
56 3965
56 3966
57 3967
56 3968
54 3969
48 3970
48 3971
50 3972
51 3973
52 3974
52 3975
54 3976
50 3977
54 3978
48 3979
53 3980
51 3981
57 3982
48 3983
50 3984
56 3985
52 3986
54 3987
48 3988
55 3989
52 3990
50 3991
51 3992
51 3993
52 3994
48 3995
53 3996
52 3997
55 3998
53 3999
54 4000
55 4001
55 4002
51 4003
52 4004
57 4005
56 4006
57 4007
49 4008
48 4009
55 4010
48 4011
54 4012
51 4013
56 4014
56 4015
55 4016
54 4017
55 4018
57 4019
48 4020
52 4021
50 4022
48 4023
50 4024
51 4025
54 4026
55 4027
55 4028
57 4029
52 4030
49 4031
55 4032
53 4033
53 4034
57 4035
54 4036
48 4037
48 4038
55 4039
51 4040
50 4041
51 4042
53 4043
55 4044
56 4045
54 4046
53 4047
49 4048
51 4049
48 4050
49 4051
53 4052
55 4053
57 4054
52 4055
54 4056
52 4057
49 4058
50 4059
57 4060
53 4061
50 4062
50 4063
55 4064
52 4065
55 4066
56 4067
49 4068
49 4069
55 4070
49 4071
50 4072
50 4073
50 4074
48 4075
48 4076
55 4077
54 4078
55 4079
53 4080
57 4081
55 4082
54 4083
51 4084
54 4085
54 4086
49 4087
55 4088
57 4089
56 4090
49 4091
52 4092
55 4093
55 4094
50 4095
55 4096
55 4097
56 4098
50 4099
51 4100
49 4101
55 4102
49 4103
57 4104
57 4105
57 4106
57 4107
56 4108
56 4109
52 4110
49 4111
54 4112
51 4113
51 4114
53 4115
55 4116
50 4117
57 4118
49 4119
48 4120
57 4121
53 4122
50 4123
55 4124
50 4125
53 4126
52 4127
53 4128
57 4129
51 4130
57 4131
52 4132
56 4133
57 4134
49 4135
54 4136
55 4137
49 4138
57 4139
51 4140
49 4141
49 4142
51 4143
52 4144
55 4145
51 4146
52 4147
52 4148
55 4149
48 4150
57 4151
50 4152
51 4153
54 4154
48 4155
50 4156
56 4157
50 4158
52 4159
50 4160
48 4161
48 4162
56 4163
52 4164
48 4165
48 4166
54 4167
55 4168
57 4169
57 4170
50 4171
49 4172
52 4173
51 4174
53 4175
53 4176
57 4177
48 4178
50 4179
57 4180
49 4181
55 4182
56 4183
52 4184
53 4185
51 4186
55 4187
56 4188
51 4189
48 4190
49 4191
51 4192
54 4193
57 4194
56 4195
54 4196
56 4197
49 4198
50 4199
55 4200
49 4201
50 4202
52 4203
48 4204
52 4205
53 4206
53 4207
49 4208
50 4209
53 4210
49 4211
50 4212
55 4213
55 4214
53 4215
52 4216
52 4217
54 4218
51 4219
52 4220
54 4221
53 4222
56 4223
48 4224
48 4225
54 4226
55 4227
56 4228
51 4229
49 4230
49 4231
48 4232
51 4233
57 4234
54 4235
53 4236
55 4237
56 4238
52 4239
48 4240
49 4241
55 4242
51 4243
54 4244
54 4245
54 4246
55 4247
56 4248
50 4249
55 4250
49 4251
50 4252
51 4253
48 4254
55 4255
55 4256
48 4257
56 4258
57 4259
56 4260
55 4261
55 4262
55 4263
52 4264
53 4265
49 4266
55 4267
51 4268
55 4269
55 4270
53 4271
50 4272
53 4273
56 4274
49 4275
55 4276
54 4277
49 4278
50 4279
48 4280
54 4281
51 4282
55 4283
52 4284
56 4285
49 4286
55 4287
48 4288
54 4289
52 4290
51 4291
56 4292
51 4293
52 4294
53 4295
51 4296
55 4297
55 4298
48 4299
48 4300
52 4301
57 4302
51 4303
57 4304
53 4305
54 4306
55 4307
56 4308
57 4309
50 4310
48 4311
55 4312
51 4313
55 4314
52 4315
51 4316
54 4317
56 4318
57 4319
48 4320
56 4321
51 4322
51 4323
52 4324
53 4325
54 4326
51 4327
52 4328
48 4329
52 4330
51 4331
53 4332
52 4333
51 4334
53 4335
54 4336
55 4337
50 4338
51 4339
49 4340
49 4341
50 4342
55 4343
48 4344
57 4345
54 4346
48 4347
56 4348
55 4349
56 4350
51 4351
50 4352
48 4353
57 4354
54 4355
57 4356
55 4357
49 4358
50 4359
48 4360
49 4361
50 4362
56 4363
48 4364
53 4365
54 4366
56 4367
56 4368
51 4369
55 4370
50 4371
54 4372
51 4373
52 4374
53 4375
48 4376
53 4377
56 4378
51 4379
49 4380
54 4381
48 4382
56 4383
53 4384
52 4385
56 4386
55 4387
56 4388
57 4389
57 4390
56 4391
48 4392
51 4393
52 4394
53 4395
53 4396
55 4397
50 4398
57 4399
56 4400
56 4401
51 4402
56 4403
50 4404
53 4405
54 4406
50 4407
50 4408
55 4409
56 4410
49 4411
54 4412
57 4413
54 4414
55 4415
54 4416
55 4417
56 4418
51 4419
49 4420
52 4421
50 4422
49 4423
52 4424
54 4425
52 4426
54 4427
53 4428
51 4429
51 4430
54 4431
50 4432
51 4433
48 4434
53 4435
54 4436
49 4437
50 4438
54 4439
48 4440
54 4441
50 4442
52 4443
57 4444
53 4445
52 4446
50 4447
56 4448
57 4449
48 4450
57 4451
51 4452
53 4453
54 4454
55 4455
57 4456
56 4457
48 4458
57 4459
52 4460
55 4461
57 4462
52 4463
52 4464
53 4465
54 4466
55 4467
49 4468
55 4469
48 4470
49 4471
50 4472
50 4473
55 4474
57 4475
56 4476
51 4477
56 4478
49 4479
48 4480
50 4481
56 4482
55 4483
53 4484
53 4485
48 4486
51 4487
53 4488
51 4489
52 4490
50 4491
56 4492
51 4493
55 4494
50 4495
54 4496
50 4497
49 4498
57 4499
48 4500
57 4501
57 4502
51 4503
54 4504
52 4505
48 4506
55 4507
52 4508
48 4509
56 4510
49 4511
53 4512
52 4513
49 4514
51 4515
56 4516
48 4517
48 4518
51 4519
48 4520
55 4521
51 4522
51 4523
52 4524
53 4525
53 4526
48 4527
56 4528
56 4529
56 4530
57 4531
53 4532
48 4533
52 4534
53 4535
54 4536
55 4537
48 4538
57 4539
48 4540
51 4541
50 4542
49 4543
54 4544
54 4545
49 4546
55 4547
54 4548
57 4549
52 4550
56 4551
57 4552
54 4553
52 4554
51 4555
55 4556
51 4557
50 4558
57 4559
48 4560
49 4561
50 4562
49 4563
56 4564
53 4565
53 4566
56 4567
54 4568
48 4569
48 4570
54 4571
54 4572
51 4573
53 4574
52 4575
51 4576
52 4577
54 4578
54 4579
50 4580
48 4581
50 4582
57 4583
49 4584
53 4585
52 4586
55 4587
51 4588
55 4589
48 4590
49 4591
51 4592
50 4593
51 4594
56 4595
57 4596
55 4597
52 4598
52 4599
57 4600
55 4601
57 4602
51 4603
55 4604
53 4605
53 4606
55 4607
50 4608
57 4609
52 4610
54 4611
49 4612
51 4613
55 4614
53 4615
48 4616
57 4617
51 4618
56 4619
56 4620
55 4621
50 4622
48 4623
52 4624
55 4625
55 4626
53 4627
56 4628
55 4629
56 4630
49 4631
50 4632
51 4633
52 4634
49 4635
57 4636
49 4637
56 4638
53 4639
50 4640
48 4641
50 4642
53 4643
51 4644
53 4645
49 4646
57 4647
54 4648
50 4649
48 4650
49 4651
50 4652
56 4653
55 4654
53 4655
53 4656
49 4657
56 4658
50 4659
48 4660
49 4661
57 4662
54 4663
57 4664
57 4665
56 4666
56 4667
56 4668
48 4669
49 4670
56 4671
50 4672
50 4673
50 4674
48 4675
54 4676
48 4677
56 4678
48 4679
56 4680
53 4681
50 4682
51 4683
55 4684
50 4685
50 4686
56 4687
49 4688
50 4689
56 4690
57 4691
50 4692
49 4693
49 4694
57 4695
50 4696
54 4697
50 4698
50 4699
48 4700
52 4701
53 4702
50 4703
51 4704
55 4705
54 4706
55 4707
56 4708
49 4709
57 4710
54 4711
56 4712
51 4713
50 4714
49 4715
55 4716
51 4717
56 4718
57 4719
50 4720
50 4721
50 4722
49 4723
57 4724
49 4725
56 4726
48 4727
56 4728
48 4729
54 4730
50 4731
54 4732
48 4733
50 4734
53 4735
53 4736
54 4737
53 4738
54 4739
56 4740
51 4741
56 4742
53 4743
56 4744
54 4745
51 4746
55 4747
56 4748
50 4749
49 4750
50 4751
50 4752
51 4753
51 4754
55 4755
54 4756
54 4757
50 4758
48 4759
48 4760
52 4761
56 4762
50 4763
55 4764
53 4765
57 4766
54 4767
48 4768
57 4769
57 4770
52 4771
51 4772
51 4773
55 4774
53 4775
53 4776
48 4777
56 4778
57 4779
51 4780
48 4781
54 4782
53 4783
57 4784
56 4785
51 4786
49 4787
56 4788
55 4789
53 4790
54 4791
50 4792
52 4793
55 4794
49 4795
52 4796
48 4797
56 4798
54 4799
48 4800
49 4801
50 4802
53 4803
52 4804
55 4805
50 4806
50 4807
56 4808
57 4809
48 4810
48 4811
48 4812
51 4813
50 4814
52 4815
57 4816
50 4817
57 4818
50 4819
49 4820
49 4821
50 4822
49 4823
55 4824
56 4825
57 4826
55 4827
56 4828
48 4829
56 4830
53 4831
50 4832
52 4833
57 4834
54 4835
49 4836
55 4837
49 4838
56 4839
48 4840
52 4841
50 4842
57 4843
52 4844
48 4845
51 4846
50 4847
49 4848
49 4849
54 4850
49 4851
50 4852
54 4853
53 4854
48 4855
54 4856
55 4857
56 4858
57 4859
55 4860
55 4861
55 4862
56 4863
50 4864
53 4865
48 4866
50 4867
53 4868
57 4869
50 4870
49 4871
48 4872
52 4873
54 4874
50 4875
51 4876
52 4877
49 4878
57 4879
54 4880
49 4881
50 4882
48 4883
56 4884
55 4885
54 4886
54 4887
56 4888
57 4889
55 4890
56 4891
55 4892
49 4893
54 4894
51 4895
56 4896
51 4897
56 4898
57 4899
54 4900
49 4901
56 4902
57 4903
52 4904
53 4905
54 4906
57 4907
56 4908
57 4909
53 4910
53 4911
55 4912
56 4913
52 4914
53 4915
53 4916
53 4917
56 4918
57 4919
56 4920
49 4921
50 4922
51 4923
52 4924
54 4925
50 4926
57 4927
52 4928
57 4929
57 4930
52 4931
48 4932
51 4933
50 4934
51 4935
54 4936
52 4937
56 4938
52 4939
54 4940
54 4941
56 4942
51 4943
57 4944
50 4945
54 4946
56 4947
49 4948
57 4949
54 4950
49 4951
50 4952
56 4953
54 4954
53 4955
54 4956
55 4957
56 4958
50 4959
48 4960
49 4961
54 4962
54 4963
53 4964
50 4965
52 4966
51 4967
56 4968
52 4969
48 4970
55 4971
55 4972
52 4973
55 4974
52 4975
56 4976
53 4977
56 4978
56 4979
51 4980
51 4981
52 4982
52 4983
50 4984
57 4985
56 4986
50 4987
51 4988
53 4989
51 4990
53 4991
50 4992
56 4993
55 4994
53 4995
54 4996
54 4997
56 4998
53 4999
56 5000
49 5001
50 5002
51 5003
56 5004
56 5005
49 5006
49 5007
49 5008
48 5009
48 5010
54 5011
55 5012
51 5013
55 5014
53 5015
53 5016
55 5017
51 5018
51 5019
56 5020
56 5021
53 5022
54 5023
52 5024
53 5025
48 5026
50 5027
56 5028
52 5029
57 5030
57 5031
52 5032
49 5033
52 5034
48 5035
54 5036
54 5037
57 5038
52 5039
49 5040
54 5041
53 5042
52 5043
52 5044
48 5045
48 5046
51 5047
55 5048
50 5049
49 5050
55 5051
50 5052
56 5053
52 5054
54 5055
48 5056
55 5057
55 5058
54 5059
48 5060
49 5061
55 5062
51 5063
52 5064
48 5065
50 5066
56 5067
56 5068
52 5069
56 5070
48 5071
50 5072
48 5073
51 5074
57 5075
51 5076
53 5077
56 5078
55 5079
52 5080
53 5081
50 5082
57 5083
56 5084
50 5085
54 5086
52 5087
54 5088
57 5089
48 5090
50 5091
55 5092
50 5093
55 5094
52 5095
51 5096
55 5097
57 5098
53 5099
54 5100
49 5101
49 5102
50 5103
52 5104
52 5105
54 5106
55 5107
52 5108
57 5109
48 5110
50 5111
56 5112
50 5113
55 5114
51 5115
54 5116
55 5117
55 5118
57 5119
48 5120
49 5121
53 5122
55 5123
49 5124
48 5125
48 5126
53 5127
56 5128
57 5129
54 5130
51 5131
50 5132
51 5133
51 5134
53 5135
56 5136
55 5137
56 5138
50 5139
49 5140
56 5141
57 5142
51 5143
50 5144
48 5145
54 5146
52 5147
56 5148
56 5149
48 5150
57 5151
50 5152
53 5153
52 5154
54 5155
54 5156
55 5157
48 5158
54 5159
54 5160
49 5161
50 5162
49 5163
55 5164
51 5165
54 5166
57 5167
51 5168
49 5169
53 5170
54 5171
48 5172
52 5173
52 5174
51 5175
49 5176
51 5177
50 5178
50 5179
49 5180
49 5181
52 5182
52 5183
50 5184
55 5185
54 5186
55 5187
48 5188
50 5189
56 5190
51 5191
50 5192
49 5193
52 5194
49 5195
54 5196
56 5197
49 5198
51 5199
48 5200
57 5201
52 5202
52 5203
49 5204
53 5205
57 5206
54 5207
55 5208
51 5209
51 5210
50 5211
51 5212
55 5213
57 5214
56 5215
53 5216
49 5217
56 5218
48 5219
57 5220
49 5221
49 5222
50 5223
51 5224
53 5225
54 5226
55 5227
52 5228
50 5229
48 5230
51 5231
55 5232
54 5233
52 5234
53 5235
55 5236
55 5237
50 5238
55 5239
48 5240
49 5241
48 5242
54 5243
49 5244
53 5245
50 5246
48 5247
55 5248
56 5249
53 5250
49 5251
50 5252
53 5253
52 5254
52 5255
50 5256
55 5257
57 5258
57 5259
56 5260
56 5261
52 5262
51 5263
54 5264
53 5265
52 5266
53 5267
52 5268
57 5269
52 5270
48 5271
52 5272
57 5273
53 5274
53 5275
54 5276
55 5277
50 5278
50 5279
50 5280
49 5281
51 5282
56 5283
56 5284
53 5285
52 5286
49 5287
51 5288
56 5289
48 5290
49 5291
50 5292
55 5293
51 5294
53 5295
55 5296
55 5297
55 5298
52 5299
57 5300
48 5301
57 5302
51 5303
52 5304
51 5305
54 5306
57 5307
48 5308
57 5309
53 5310
49 5311
53 5312
54 5313
49 5314
53 5315
55 5316
55 5317
53 5318
48 5319
48 5320
53 5321
56 5322
54 5323
55 5324
53 5325
54 5326
55 5327
51 5328
56 5329
48 5330
57 5331
50 5332
56 5333
52 5334
50 5335
54 5336
54 5337
56 5338
53 5339
48 5340
55 5341
48 5342
54 5343
52 5344
54 5345
49 5346
52 5347
55 5348
57 5349
48 5350
55 5351
50 5352
51 5353
56 5354
48 5355
54 5356
56 5357
53 5358
54 5359
57 5360
49 5361
50 5362
51 5363
50 5364
54 5365
54 5366
50 5367
52 5368
48 5369
49 5370
57 5371
52 5372
51 5373
52 5374
48 5375
54 5376
53 5377
56 5378
54 5379
48 5380
49 5381
54 5382
52 5383
52 5384
50 5385
54 5386
56 5387
50 5388
57 5389
50 5390
49 5391
56 5392
51 5393
52 5394
54 5395
54 5396
49 5397
49 5398
52 5399
48 5400
49 5401
50 5402
48 5403
53 5404
53 5405
54 5406
53 5407
49 5408
57 5409
57 5410
56 5411
52 5412
52 5413
52 5414
53 5415
54 5416
54 5417
49 5418
53 5419
54 5420
57 5421
50 5422
56 5423
55 5424
53 5425
53 5426
51 5427
48 5428
56 5429
48 5430
53 5431
51 5432
49 5433
56 5434
48 5435
50 5436
49 5437
55 5438
50 5439
52 5440
51 5441
57 5442
54 5443
52 5444
57 5445
54 5446
54 5447
52 5448
54 5449
48 5450
49 5451
50 5452
52 5453
52 5454
53 5455
54 5456
54 5457
49 5458
57 5459
48 5460
57 5461
53 5462
51 5463
51 5464
50 5465
56 5466
55 5467
56 5468
51 5469
57 5470
56 5471
48 5472
51 5473
57 5474
53 5475
51 5476
53 5477
56 5478
54 5479
52 5480
50 5481
50 5482
56 5483
48 5484
49 5485
55 5486
53 5487
53 5488
49 5489
48 5490
49 5491
50 5492
52 5493
55 5494
54 5495
55 5496
55 5497
57 5498
52 5499
55 5500
49 5501
49 5502
51 5503
52 5504
54 5505
54 5506
49 5507
52 5508
56 5509
51 5510
49 5511
50 5512
48 5513
54 5514
53 5515
53 5516
55 5517
56 5518
55 5519
51 5520
51 5521
49 5522
51 5523
57 5524
50 5525
52 5526
48 5527
51 5528
57 5529
52 5530
49 5531
48 5532
54 5533
52 5534
53 5535
51 5536
48 5537
49 5538
51 5539
49 5540
53 5541
50 5542
52 5543
56 5544
56 5545
50 5546
48 5547
56 5548
57 5549
48 5550
53 5551
57 5552
56 5553
52 5554
48 5555
49 5556
48 5557
56 5558
54 5559
49 5560
53 5561
48 5562
57 5563
53 5564
48 5565
55 5566
55 5567
50 5568
48 5569
48 5570
51 5571
53 5572
48 5573
52 5574
49 5575
54 5576
57 5577
55 5578
54 5579
48 5580
49 5581
50 5582
52 5583
50 5584
53 5585
54 5586
55 5587
50 5588
51 5589
55 5590
50 5591
52 5592
51 5593
54 5594
53 5595
56 5596
53 5597
57 5598
57 5599
55 5600
50 5601
51 5602
51 5603
53 5604
53 5605
53 5606
55 5607
50 5608
55 5609
48 5610
49 5611
55 5612
56 5613
52 5614
57 5615
54 5616
55 5617
57 5618
55 5619
57 5620
49 5621
57 5622
49 5623
54 5624
49 5625
49 5626
55 5627
56 5628
57 5629
52 5630
50 5631
50 5632
49 5633
54 5634
54 5635
51 5636
51 5637
55 5638
57 5639
48 5640
53 5641
50 5642
51 5643
52 5644
57 5645
52 5646
49 5647
53 5648
53 5649
48 5650
51 5651
48 5652
57 5653
48 5654
49 5655
54 5656
56 5657
56 5658
55 5659
54 5660
57 5661
50 5662
51 5663
52 5664
55 5665
54 5666
55 5667
50 5668
51 5669
55 5670
49 5671
54 5672
52 5673
52 5674
54 5675
50 5676
55 5677
56 5678
54 5679
52 5680
53 5681
48 5682
55 5683
51 5684
53 5685
56 5686
55 5687
56 5688
48 5689
54 5690
49 5691
56 5692
50 5693
54 5694
53 5695
52 5696
55 5697
49 5698
54 5699
49 5700
56 5701
50 5702
54 5703
52 5704
49 5705
54 5706
50 5707
56 5708
48 5709
48 5710
56 5711
50 5712
50 5713
52 5714
51 5715
48 5716
51 5717
56 5718
57 5719
54 5720
56 5721
50 5722
55 5723
56 5724
55 5725
54 5726
49 5727
56 5728
51 5729
49 5730
49 5731
50 5732
53 5733
51 5734
51 5735
54 5736
55 5737
57 5738
48 5739
53 5740
50 5741
53 5742
56 5743
52 5744
54 5745
54 5746
55 5747
49 5748
53 5749
48 5750
49 5751
49 5752
51 5753
52 5754
53 5755
50 5756
57 5757
49 5758
50 5759
54 5760
52 5761
48 5762
51 5763
56 5764
49 5765
55 5766
55 5767
50 5768
52 5769
52 5770
52 5771
50 5772
50 5773
52 5774
57 5775
53 5776
49 5777
48 5778
53 5779
48 5780
49 5781
50 5782
50 5783
48 5784
53 5785
55 5786
48 5787
54 5788
57 5789
54 5790
49 5791
51 5792
51 5793
52 5794
52 5795
55 5796
51 5797
48 5798
51 5799
52 5800
49 5801
55 5802
51 5803
50 5804
53 5805
54 5806
54 5807
56 5808
49 5809
51 5810
51 5811
56 5812
57 5813
57 5814
48 5815
51 5816
52 5817
56 5818
53 5819
53 5820
54 5821
48 5822
49 5823
52 5824
53 5825
56 5826
49 5827
56 5828
55 5829
56 5830
49 5831
50 5832
50 5833
48 5834
50 5835
55 5836
54 5837
56 5838
57 5839
48 5840
57 5841
56 5842
51 5843
56 5844
57 5845
54 5846
55 5847
54 5848
51 5849
49 5850
49 5851
52 5852
51 5853
51 5854
56 5855
52 5856
52 5857
55 5858
57 5859
48 5860
55 5861
50 5862
51 5863
52 5864
48 5865
53 5866
50 5867
49 5868
57 5869
55 5870
50 5871
50 5872
52 5873
56 5874
53 5875
55 5876
55 5877
51 5878
57 5879
49 5880
49 5881
55 5882
51 5883
52 5884
56 5885
54 5886
55 5887
50 5888
57 5889
54 5890
50 5891
50 5892
51 5893
48 5894
55 5895
49 5896
53 5897
50 5898
57 5899
48 5900
49 5901
53 5902
51 5903
52 5904
49 5905
53 5906
51 5907
56 5908
49 5909
48 5910
49 5911
50 5912
57 5913
56 5914
52 5915
54 5916
49 5917
56 5918
57 5919
57 5920
49 5921
52 5922
51 5923
50 5924
50 5925
54 5926
56 5927
49 5928
51 5929
51 5930
50 5931
53 5932
51 5933
50 5934
53 5935
54 5936
55 5937
49 5938
48 5939
48 5940
52 5941
55 5942
55 5943
49 5944
48 5945
50 5946
55 5947
56 5948
56 5949
48 5950
49 5951
53 5952
51 5953
56 5954
51 5955
54 5956
56 5957
55 5958
57 5959
50 5960
50 5961
53 5962
54 5963
50 5964
51 5965
56 5966
48 5967
56 5968
49 5969
48 5970
55 5971
48 5972
56 5973
52 5974
53 5975
53 5976
52 5977
56 5978
57 5979
56 5980
49 5981
50 5982
54 5983
50 5984
56 5985
49 5986
55 5987
53 5988
57 5989
48 5990
49 5991
55 5992
51 5993
52 5994
53 5995
55 5996
55 5997
56 5998
55 5999
48 6000
50 6001
50 6002
51 6003
48 6004
49 6005
57 6006
56 6007
50 6008
57 6009
48 6010
52 6011
50 6012
51 6013
54 6014
53 6015
55 6016
55 6017
49 6018
54 6019
54 6020
50 6021
56 6022
52 6023
52 6024
48 6025
55 6026
53 6027
48 6028
49 6029
55 6030
56 6031
51 6032
51 6033
52 6034
57 6035
52 6036
55 6037
56 6038
54 6039
48 6040
49 6041
50 6042
49 6043
52 6044
55 6045
49 6046
56 6047
57 6048
49 6049
48 6050
49 6051
55 6052
49 6053
52 6054
55 6055
54 6056
55 6057
55 6058
48 6059
48 6060
49 6061
48 6062
53 6063
53 6064
56 6065
50 6066
55 6067
56 6068
53 6069
48 6070
49 6071
49 6072
53 6073
52 6074
53 6075
54 6076
55 6077
56 6078
57 6079
48 6080
56 6081
50 6082
57 6083
52 6084
52 6085
54 6086
55 6087
54 6088
56 6089
48 6090
57 6091
55 6092
53 6093
50 6094
53 6095
49 6096
48 6097
56 6098
50 6099
54 6100
49 6101
51 6102
51 6103
52 6104
57 6105
54 6106
55 6107
56 6108
57 6109
55 6110
53 6111
54 6112
50 6113
56 6114
53 6115
51 6116
48 6117
56 6118
50 6119
48 6120
49 6121
54 6122
51 6123
50 6124
53 6125
53 6126
55 6127
56 6128
57 6129
48 6130
49 6131
50 6132
51 6133
57 6134
53 6135
53 6136
51 6137
56 6138
50 6139
52 6140
49 6141
56 6142
51 6143
52 6144
57 6145
53 6146
49 6147
56 6148
57 6149
49 6150
49 6151
51 6152
51 6153
54 6154
52 6155
54 6156
48 6157
56 6158
57 6159
49 6160
49 6161
49 6162
57 6163
52 6164
55 6165
54 6166
55 6167
56 6168
51 6169
51 6170
55 6171
52 6172
52 6173
52 6174
53 6175
51 6176
52 6177
50 6178
57 6179
57 6180
49 6181
56 6182
52 6183
52 6184
53 6185
54 6186
56 6187
51 6188
53 6189
56 6190
53 6191
50 6192
50 6193
56 6194
53 6195
55 6196
52 6197
56 6198
50 6199
51 6200
49 6201
50 6202
54 6203
49 6204
51 6205
55 6206
53 6207
56 6208
57 6209
48 6210
48 6211
50 6212
51 6213
50 6214
55 6215
55 6216
48 6217
56 6218
57 6219
54 6220
49 6221
53 6222
53 6223
53 6224
54 6225
52 6226
51 6227
50 6228
57 6229
51 6230
56 6231
49 6232
51 6233
51 6234
49 6235
56 6236
55 6237
49 6238
56 6239
53 6240
52 6241
50 6242
51 6243
52 6244
49 6245
55 6246
55 6247
56 6248
51 6249
48 6250
54 6251
50 6252
51 6253
53 6254
56 6255
54 6256
55 6257
56 6258
57 6259
48 6260
49 6261
52 6262
55 6263
49 6264
48 6265
57 6266
57 6267
49 6268
54 6269
50 6270
49 6271
51 6272
53 6273
48 6274
53 6275
49 6276
55 6277
56 6278
52 6279
54 6280
49 6281
53 6282
57 6283
52 6284
48 6285
54 6286
52 6287
51 6288
57 6289
48 6290
50 6291
52 6292
51 6293
54 6294
57 6295
57 6296
51 6297
56 6298
57 6299
48 6300
49 6301
56 6302
51 6303
56 6304
53 6305
54 6306
55 6307
51 6308
53 6309
48 6310
49 6311
50 6312
51 6313
57 6314
55 6315
52 6316
50 6317
51 6318
49 6319
57 6320
48 6321
54 6322
57 6323
57 6324
53 6325
48 6326
55 6327
56 6328
56 6329
54 6330
49 6331
50 6332
51 6333
52 6334
57 6335
53 6336
55 6337
56 6338
57 6339
53 6340
52 6341
50 6342
49 6343
52 6344
51 6345
54 6346
55 6347
56 6348
57 6349
54 6350
48 6351
54 6352
51 6353
52 6354
53 6355
54 6356
55 6357
51 6358
50 6359
48 6360
49 6361
50 6362
51 6363
49 6364
53 6365
54 6366
55 6367
56 6368
49 6369
51 6370
49 6371
50 6372
51 6373
52 6374
52 6375
54 6376
55 6377
56 6378
50 6379
54 6380
53 6381
50 6382
51 6383
52 6384
53 6385
54 6386
49 6387
57 6388
57 6389
50 6390
49 6391
56 6392
55 6393
52 6394
53 6395
49 6396
48 6397
57 6398
57 6399
48 6400
57 6401
51 6402
54 6403
49 6404
49 6405
54 6406
55 6407
57 6408
54 6409
53 6410
49 6411
50 6412
51 6413
52 6414
53 6415
52 6416
48 6417
56 6418
57 6419
48 6420
54 6421
50 6422
50 6423
52 6424
53 6425
50 6426
56 6427
56 6428
57 6429
51 6430
57 6431
52 6432
51 6433
56 6434
48 6435
49 6436
55 6437
56 6438
48 6439
48 6440
51 6441
57 6442
51 6443
57 6444
53 6445
54 6446
53 6447
56 6448
51 6449
51 6450
55 6451
49 6452
51 6453
48 6454
51 6455
56 6456
56 6457
56 6458
57 6459
55 6460
49 6461
49 6462
51 6463
50 6464
53 6465
56 6466
55 6467
50 6468
54 6469
48 6470
56 6471
50 6472
50 6473
52 6474
53 6475
55 6476
55 6477
54 6478
54 6479
48 6480
52 6481
50 6482
51 6483
52 6484
53 6485
56 6486
54 6487
57 6488
50 6489
48 6490
49 6491
55 6492
51 6493
52 6494
49 6495
54 6496
55 6497
49 6498
55 6499
57 6500
54 6501
50 6502
48 6503
56 6504
53 6505
54 6506
55 6507
51 6508
57 6509
48 6510
49 6511
49 6512
57 6513
52 6514
52 6515
55 6516
55 6517
56 6518
50 6519
48 6520
49 6521
50 6522
52 6523
49 6524
50 6525
54 6526
55 6527
56 6528
51 6529
56 6530
49 6531
50 6532
56 6533
52 6534
50 6535
54 6536
55 6537
51 6538
57 6539
57 6540
53 6541
56 6542
51 6543
49 6544
53 6545
57 6546
55 6547
55 6548
50 6549
51 6550
50 6551
50 6552
51 6553
50 6554
53 6555
54 6556
52 6557
56 6558
51 6559
56 6560
49 6561
50 6562
51 6563
52 6564
55 6565
51 6566
50 6567
56 6568
52 6569
48 6570
54 6571
50 6572
51 6573
53 6574
53 6575
54 6576
55 6577
56 6578
53 6579
52 6580
56 6581
51 6582
57 6583
48 6584
53 6585
52 6586
55 6587
57 6588
57 6589
53 6590
57 6591
54 6592
56 6593
52 6594
53 6595
51 6596
55 6597
55 6598
57 6599
48 6600
51 6601
50 6602
51 6603
56 6604
53 6605
50 6606
53 6607
56 6608
53 6609
48 6610
57 6611
54 6612
51 6613
52 6614
54 6615
52 6616
55 6617
56 6618
57 6619
53 6620
49 6621
50 6622
51 6623
50 6624
53 6625
52 6626
53 6627
48 6628
52 6629
50 6630
56 6631
50 6632
51 6633
55 6634
55 6635
54 6636
55 6637
55 6638
53 6639
48 6640
48 6641
52 6642
48 6643
50 6644
50 6645
54 6646
57 6647
56 6648
52 6649
48 6650
49 6651
50 6652
51 6653
52 6654
56 6655
48 6656
56 6657
51 6658
57 6659
48 6660
49 6661
50 6662
51 6663
53 6664
55 6665
48 6666
55 6667
56 6668
57 6669
48 6670
48 6671
48 6672
51 6673
52 6674
53 6675
56 6676
52 6677
53 6678
48 6679
48 6680
49 6681
50 6682
55 6683
51 6684
53 6685
54 6686
56 6687
56 6688
50 6689
48 6690
49 6691
57 6692
51 6693
52 6694
51 6695
54 6696
55 6697
56 6698
55 6699
51 6700
50 6701
50 6702
51 6703
48 6704
53 6705
54 6706
51 6707
54 6708
50 6709
52 6710
52 6711
50 6712
53 6713
52 6714
53 6715
56 6716
48 6717
56 6718
53 6719
49 6720
49 6721
50 6722
48 6723
53 6724
53 6725
55 6726
52 6727
56 6728
52 6729
48 6730
49 6731
56 6732
52 6733
49 6734
53 6735
57 6736
55 6737
50 6738
52 6739
57 6740
54 6741
50 6742
56 6743
52 6744
56 6745
56 6746
54 6747
50 6748
50 6749
57 6750
49 6751
56 6752
51 6753
52 6754
48 6755
54 6756
55 6757
56 6758
49 6759
56 6760
49 6761
52 6762
51 6763
54 6764
53 6765
57 6766
55 6767
49 6768
57 6769
48 6770
49 6771
54 6772
53 6773
52 6774
52 6775
53 6776
52 6777
49 6778
57 6779
55 6780
56 6781
51 6782
51 6783
48 6784
53 6785
55 6786
55 6787
56 6788
56 6789
55 6790
49 6791
50 6792
51 6793
50 6794
52 6795
54 6796
55 6797
56 6798
57 6799
48 6800
49 6801
50 6802
51 6803
50 6804
53 6805
50 6806
49 6807
57 6808
48 6809
48 6810
49 6811
50 6812
51 6813
55 6814
55 6815
54 6816
55 6817
56 6818
57 6819
48 6820
49 6821
52 6822
50 6823
50 6824
53 6825
54 6826
55 6827
56 6828
56 6829
48 6830
50 6831
50 6832
57 6833
54 6834
53 6835
54 6836
55 6837
56 6838
57 6839
49 6840
49 6841
50 6842
51 6843
53 6844
57 6845
54 6846
55 6847
51 6848
52 6849
48 6850
50 6851
57 6852
51 6853
52 6854
56 6855
53 6856
48 6857
56 6858
57 6859
48 6860
49 6861
50 6862
51 6863
52 6864
55 6865
52 6866
55 6867
56 6868
57 6869
48 6870
48 6871
54 6872
51 6873
52 6874
57 6875
54 6876
55 6877
56 6878
57 6879
53 6880
55 6881
50 6882
55 6883
57 6884
55 6885
54 6886
55 6887
48 6888
53 6889
49 6890
51 6891
49 6892
52 6893
52 6894
49 6895
54 6896
56 6897
56 6898
54 6899
54 6900
56 6901
48 6902
49 6903
56 6904
53 6905
57 6906
57 6907
53 6908
57 6909
55 6910
57 6911
50 6912
53 6913
52 6914
53 6915
54 6916
55 6917
51 6918
52 6919
53 6920
55 6921
55 6922
52 6923
52 6924
49 6925
54 6926
55 6927
56 6928
57 6929
53 6930
49 6931
56 6932
55 6933
54 6934
53 6935
54 6936
48 6937
56 6938
49 6939
48 6940
55 6941
54 6942
51 6943
56 6944
53 6945
53 6946
55 6947
52 6948
52 6949
50 6950
50 6951
56 6952
51 6953
52 6954
53 6955
54 6956
56 6957
49 6958
49 6959
48 6960
55 6961
52 6962
49 6963
51 6964
53 6965
54 6966
56 6967
56 6968
49 6969
48 6970
49 6971
55 6972
53 6973
52 6974
48 6975
54 6976
55 6977
56 6978
57 6979
48 6980
49 6981
51 6982
51 6983
52 6984
53 6985
54 6986
55 6987
54 6988
57 6989
48 6990
49 6991
52 6992
51 6993
52 6994
53 6995
51 6996
57 6997
56 6998
57 6999
51 7000
55 7001
51 7002
51 7003
54 7004
53 7005
54 7006
55 7007
49 7008
50 7009
49 7010
51 7011
57 7012
51 7013
56 7014
56 7015
48 7016
48 7017
57 7018
57 7019
48 7020
49 7021
56 7022
51 7023
53 7024
55 7025
51 7026
49 7027
52 7028
57 7029
48 7030
55 7031
51 7032
57 7033
52 7034
53 7035
48 7036
55 7037
54 7038
57 7039
48 7040
56 7041
49 7042
56 7043
52 7044
56 7045
50 7046
55 7047
56 7048
57 7049
48 7050
49 7051
51 7052
49 7053
55 7054
53 7055
54 7056
53 7057
48 7058
55 7059
48 7060
57 7061
50 7062
51 7063
52 7064
53 7065
54 7066
55 7067
56 7068
57 7069
48 7070
49 7071
48 7072
51 7073
55 7074
52 7075
55 7076
49 7077
54 7078
53 7079
56 7080
51 7081
54 7082
51 7083
51 7084
57 7085
49 7086
55 7087
50 7088
57 7089
52 7090
49 7091
50 7092
51 7093
52 7094
53 7095
54 7096
51 7097
56 7098
57 7099
56 7100
49 7101
50 7102
50 7103
52 7104
53 7105
54 7106
55 7107
56 7108
55 7109
48 7110
48 7111
50 7112
53 7113
52 7114
57 7115
55 7116
55 7117
56 7118
57 7119
48 7120
52 7121
50 7122
51 7123
53 7124
57 7125
49 7126
55 7127
50 7128
57 7129
48 7130
55 7131
50 7132
51 7133
57 7134
53 7135
49 7136
55 7137
50 7138
49 7139
56 7140
49 7141
48 7142
51 7143
52 7144
53 7145
54 7146
55 7147
56 7148
57 7149
48 7150
49 7151
53 7152
55 7153
52 7154
51 7155
57 7156
55 7157
56 7158
57 7159
48 7160
49 7161
57 7162
50 7163
52 7164
52 7165
53 7166
55 7167
48 7168
51 7169
48 7170
49 7171
48 7172
51 7173
52 7174
53 7175
54 7176
57 7177
56 7178
57 7179
48 7180
53 7181
56 7182
51 7183
51 7184
53 7185
54 7186
49 7187
56 7188
52 7189
48 7190
49 7191
54 7192
53 7193
52 7194
54 7195
52 7196
55 7197
54 7198
57 7199
48 7200
49 7201
50 7202
51 7203
51 7204
53 7205
54 7206
55 7207
51 7208
57 7209
48 7210
49 7211
55 7212
51 7213
48 7214
57 7215
54 7216
55 7217
48 7218
57 7219
48 7220
49 7221
48 7222
54 7223
52 7224
50 7225
54 7226
53 7227
56 7228
48 7229
52 7230
55 7231
51 7232
49 7233
53 7234
52 7235
54 7236
55 7237
56 7238
52 7239
57 7240
53 7241
50 7242
51 7243
54 7244
53 7245
51 7246
55 7247
50 7248
57 7249
57 7250
49 7251
51 7252
51 7253
52 7254
53 7255
55 7256
55 7257
56 7258
57 7259
50 7260
49 7261
56 7262
51 7263
52 7264
53 7265
54 7266
53 7267
56 7268
48 7269
50 7270
49 7271
50 7272
51 7273
50 7274
53 7275
54 7276
49 7277
56 7278
53 7279
53 7280
49 7281
57 7282
51 7283
52 7284
53 7285
50 7286
55 7287
49 7288
57 7289
48 7290
55 7291
54 7292
48 7293
52 7294
53 7295
54 7296
57 7297
56 7298
57 7299
48 7300
49 7301
50 7302
55 7303
54 7304
52 7305
54 7306
57 7307
49 7308
48 7309
49 7310
51 7311
48 7312
51 7313
53 7314
53 7315
57 7316
49 7317
55 7318
57 7319
48 7320
51 7321
56 7322
48 7323
57 7324
57 7325
54 7326
55 7327
56 7328
54 7329
48 7330
54 7331
50 7332
53 7333
52 7334
53 7335
48 7336
57 7337
56 7338
57 7339
48 7340
49 7341
50 7342
51 7343
50 7344
53 7345
48 7346
55 7347
50 7348
50 7349
57 7350
51 7351
50 7352
52 7353
52 7354
49 7355
54 7356
51 7357
52 7358
56 7359
48 7360
52 7361
55 7362
51 7363
52 7364
53 7365
48 7366
55 7367
56 7368
48 7369
55 7370
49 7371
50 7372
52 7373
52 7374
55 7375
54 7376
55 7377
56 7378
57 7379
54 7380
49 7381
50 7382
51 7383
53 7384
49 7385
54 7386
55 7387
56 7388
56 7389
48 7390
56 7391
50 7392
52 7393
54 7394
53 7395
54 7396
55 7397
49 7398
57 7399
48 7400
49 7401
50 7402
51 7403
53 7404
53 7405
54 7406
54 7407
56 7408
49 7409
48 7410
50 7411
56 7412
51 7413
51 7414
53 7415
48 7416
55 7417
53 7418
49 7419
48 7420
49 7421
50 7422
51 7423
52 7424
53 7425
56 7426
54 7427
56 7428
50 7429
49 7430
49 7431
50 7432
53 7433
48 7434
53 7435
55 7436
55 7437
48 7438
57 7439
48 7440
49 7441
48 7442
57 7443
52 7444
53 7445
48 7446
55 7447
52 7448
57 7449
48 7450
55 7451
50 7452
55 7453
52 7454
48 7455
54 7456
53 7457
56 7458
57 7459
48 7460
49 7461
55 7462
50 7463
48 7464
55 7465
57 7466
55 7467
48 7468
57 7469
48 7470
54 7471
50 7472
51 7473
52 7474
50 7475
54 7476
55 7477
56 7478
57 7479
48 7480
49 7481
50 7482
51 7483
52 7484
49 7485
57 7486
57 7487
49 7488
57 7489
54 7490
49 7491
50 7492
51 7493
54 7494
56 7495
54 7496
55 7497
57 7498
50 7499
48 7500
49 7501
50 7502
51 7503
52 7504
53 7505
54 7506
55 7507
51 7508
53 7509
48 7510
49 7511
50 7512
51 7513
52 7514
49 7515
54 7516
55 7517
56 7518
50 7519
48 7520
55 7521
50 7522
51 7523
52 7524
53 7525
54 7526
55 7527
56 7528
57 7529
55 7530
57 7531
50 7532
51 7533
50 7534
49 7535
51 7536
55 7537
49 7538
57 7539
56 7540
49 7541
51 7542
51 7543
52 7544
53 7545
54 7546
57 7547
56 7548
57 7549
50 7550
49 7551
51 7552
54 7553
52 7554
53 7555
54 7556
55 7557
51 7558
57 7559
52 7560
49 7561
49 7562
54 7563
57 7564
56 7565
54 7566
55 7567
50 7568
57 7569
49 7570
49 7571
50 7572
56 7573
52 7574
53 7575
54 7576
55 7577
56 7578
48 7579
49 7580
50 7581
50 7582
51 7583
50 7584
53 7585
54 7586
52 7587
55 7588
55 7589
48 7590
55 7591
50 7592
56 7593
54 7594
53 7595
54 7596
50 7597
56 7598
57 7599
48 7600
52 7601
50 7602
53 7603
52 7604
48 7605
55 7606
55 7607
56 7608
51 7609
55 7610
49 7611
50 7612
48 7613
54 7614
56 7615
48 7616
55 7617
52 7618
57 7619
48 7620
49 7621
50 7622
51 7623
52 7624
53 7625
52 7626
53 7627
56 7628
57 7629
49 7630
49 7631
56 7632
54 7633
52 7634
50 7635
54 7636
50 7637
50 7638
57 7639
48 7640
49 7641
51 7642
51 7643
51 7644
53 7645
54 7646
48 7647
50 7648
57 7649
48 7650
53 7651
50 7652
51 7653
53 7654
49 7655
54 7656
55 7657
55 7658
57 7659
48 7660
49 7661
55 7662
54 7663
52 7664
57 7665
53 7666
55 7667
56 7668
48 7669
48 7670
49 7671
50 7672
50 7673
52 7674
53 7675
51 7676
55 7677
56 7678
57 7679
48 7680
49 7681
50 7682
56 7683
52 7684
53 7685
54 7686
55 7687
57 7688
57 7689
48 7690
50 7691
50 7692
50 7693
57 7694
51 7695
57 7696
55 7697
52 7698
48 7699
54 7700
49 7701
56 7702
51 7703
52 7704
48 7705
54 7706
55 7707
56 7708
57 7709
53 7710
57 7711
48 7712
51 7713
56 7714
53 7715
49 7716
48 7717
56 7718
57 7719
51 7720
49 7721
50 7722
54 7723
52 7724
53 7725
54 7726
55 7727
56 7728
57 7729
48 7730
48 7731
55 7732
52 7733
52 7734
53 7735
54 7736
48 7737
55 7738
57 7739
48 7740
49 7741
54 7742
51 7743
52 7744
48 7745
51 7746
55 7747
49 7748
57 7749
48 7750
49 7751
50 7752
50 7753
52 7754
53 7755
54 7756
48 7757
56 7758
57 7759
48 7760
52 7761
49 7762
48 7763
52 7764
57 7765
48 7766
55 7767
54 7768
50 7769
48 7770
49 7771
55 7772
51 7773
52 7774
50 7775
52 7776
55 7777
56 7778
57 7779
48 7780
49 7781
52 7782
51 7783
52 7784
53 7785
56 7786
55 7787
56 7788
57 7789
48 7790
52 7791
50 7792
51 7793
52 7794
56 7795
55 7796
55 7797
57 7798
55 7799
48 7800
49 7801
50 7802
55 7803
54 7804
48 7805
54 7806
55 7807
49 7808
57 7809
48 7810
49 7811
50 7812
52 7813
54 7814
53 7815
54 7816
55 7817
56 7818
48 7819
51 7820
54 7821
54 7822
51 7823
52 7824
56 7825
54 7826
55 7827
56 7828
57 7829
52 7830
52 7831
50 7832
52 7833
52 7834
48 7835
54 7836
53 7837
56 7838
57 7839
48 7840
52 7841
50 7842
51 7843
52 7844
48 7845
54 7846
55 7847
56 7848
51 7849
55 7850
49 7851
52 7852
49 7853
52 7854
53 7855
54 7856
55 7857
56 7858
57 7859
48 7860
49 7861
50 7862
51 7863
52 7864
56 7865
54 7866
51 7867
51 7868
56 7869
57 7870
49 7871
54 7872
51 7873
52 7874
48 7875
54 7876
55 7877
53 7878
57 7879
48 7880
49 7881
50 7882
51 7883
55 7884
53 7885
51 7886
54 7887
54 7888
53 7889
48 7890
57 7891
50 7892
51 7893
52 7894
53 7895
54 7896
48 7897
56 7898
51 7899
48 7900
49 7901
50 7902
51 7903
52 7904
53 7905
54 7906
55 7907
56 7908
53 7909
48 7910
49 7911
50 7912
48 7913
52 7914
53 7915
56 7916
56 7917
56 7918
57 7919
48 7920
55 7921
50 7922
51 7923
56 7924
53 7925
52 7926
55 7927
56 7928
53 7929
55 7930
48 7931
49 7932
55 7933
52 7934
53 7935
54 7936
55 7937
56 7938
57 7939
48 7940
49 7941
50 7942
57 7943
56 7944
53 7945
57 7946
49 7947
56 7948
57 7949
48 7950
49 7951
56 7952
52 7953
51 7954
53 7955
51 7956
55 7957
53 7958
49 7959
48 7960
49 7961
50 7962
49 7963
52 7964
53 7965
54 7966
55 7967
56 7968
57 7969
48 7970
49 7971
50 7972
51 7973
52 7974
53 7975
50 7976
57 7977
51 7978
57 7979
57 7980
52 7981
50 7982
51 7983
48 7984
53 7985
54 7986
56 7987
56 7988
51 7989
48 7990
49 7991
50 7992
51 7993
52 7994
53 7995
54 7996
48 7997
56 7998
57 7999
48 8000
49 8001
50 8002
51 8003
55 8004
56 8005
54 8006
52 8007
56 8008
57 8009
48 8010
49 8011
50 8012
51 8013
52 8014
53 8015
54 8016
55 8017
56 8018
57 8019
48 8020
49 8021
55 8022
51 8023
52 8024
53 8025
54 8026
55 8027
56 8028
57 8029
48 8030
49 8031
51 8032
51 8033
52 8034
53 8035
54 8036
55 8037
56 8038
57 8039
50 8040
49 8041
50 8042
57 8043
52 8044
53 8045
48 8046
55 8047
56 8048
57 8049
48 8050
49 8051
57 8052
51 8053
54 8054
53 8055
50 8056
48 8057
52 8058
57 8059
48 8060
49 8061
50 8062
51 8063
52 8064
53 8065
56 8066
55 8067
56 8068
49 8069
51 8070
49 8071
50 8072
51 8073
52 8074
53 8075
54 8076
55 8077
56 8078
49 8079
49 8080
49 8081
54 8082
51 8083
48 8084
54 8085
56 8086
55 8087
56 8088
57 8089
53 8090
52 8091
51 8092
51 8093
52 8094
53 8095
54 8096
57 8097
56 8098
57 8099
48 8100
49 8101
50 8102
51 8103
56 8104
53 8105
48 8106
55 8107
56 8108
57 8109
48 8110
57 8111
57 8112
51 8113
52 8114
56 8115
54 8116
55 8117
50 8118
54 8119
48 8120
54 8121
50 8122
51 8123
50 8124
53 8125
54 8126
55 8127
56 8128
57 8129
52 8130
49 8131
50 8132
51 8133
51 8134
55 8135
55 8136
55 8137
52 8138
49 8139
48 8140
51 8141
50 8142
51 8143
52 8144
48 8145
54 8146
53 8147
56 8148
50 8149
48 8150
52 8151
55 8152
51 8153
52 8154
53 8155
54 8156
55 8157
56 8158
57 8159
48 8160
49 8161
50 8162
51 8163
53 8164
52 8165
50 8166
55 8167
56 8168
53 8169
56 8170
49 8171
52 8172
50 8173
55 8174
53 8175
51 8176
55 8177
56 8178
51 8179
48 8180
49 8181
49 8182
50 8183
55 8184
53 8185
56 8186
54 8187
56 8188
57 8189
48 8190
50 8191
50 8192
49 8193
52 8194
53 8195
54 8196
55 8197
56 8198
48 8199
48 8200
49 8201
50 8202
51 8203
52 8204
53 8205
54 8206
48 8207
56 8208
57 8209
48 8210
49 8211
57 8212
51 8213
52 8214
53 8215
54 8216
55 8217
55 8218
57 8219
48 8220
57 8221
50 8222
57 8223
52 8224
53 8225
54 8226
55 8227
48 8228
51 8229
48 8230
49 8231
50 8232
51 8233
50 8234
53 8235
51 8236
51 8237
56 8238
57 8239
48 8240
49 8241
50 8242
51 8243
52 8244
53 8245
51 8246
50 8247
52 8248
57 8249
48 8250
50 8251
50 8252
51 8253
52 8254
53 8255
54 8256
55 8257
56 8258
57 8259
50 8260
49 8261
50 8262
51 8263
52 8264
53 8265
54 8266
50 8267
51 8268
53 8269
48 8270
49 8271
50 8272
49 8273
52 8274
53 8275
54 8276
55 8277
51 8278
57 8279
48 8280
49 8281
50 8282
51 8283
52 8284
53 8285
54 8286
57 8287
56 8288
48 8289
48 8290
49 8291
50 8292
49 8293
52 8294
53 8295
54 8296
55 8297
56 8298
48 8299
48 8300
49 8301
50 8302
52 8303
50 8304
53 8305
54 8306
57 8307
56 8308
55 8309
53 8310
56 8311
52 8312
54 8313
52 8314
53 8315
54 8316
55 8317
52 8318
57 8319
48 8320
51 8321
50 8322
49 8323
50 8324
53 8325
54 8326
55 8327
56 8328
57 8329
48 8330
49 8331
50 8332
54 8333
54 8334
53 8335
54 8336
55 8337
56 8338
56 8339
48 8340
49 8341
50 8342
51 8343
52 8344
53 8345
52 8346
57 8347
56 8348
57 8349
53 8350
49 8351
52 8352
51 8353
52 8354
53 8355
54 8356
55 8357
56 8358
57 8359
49 8360
49 8361
54 8362
51 8363
53 8364
57 8365
54 8366
55 8367
52 8368
57 8369
48 8370
49 8371
50 8372
51 8373
57 8374
52 8375
54 8376
55 8377
56 8378
57 8379
48 8380
49 8381
52 8382
51 8383
52 8384
53 8385
54 8386
55 8387
56 8388
56 8389
51 8390
49 8391
54 8392
51 8393
52 8394
53 8395
54 8396
57 8397
56 8398
49 8399
48 8400
49 8401
50 8402
48 8403
52 8404
53 8405
54 8406
55 8407
57 8408
57 8409
57 8410
49 8411
50 8412
51 8413
48 8414
53 8415
48 8416
55 8417
56 8418
49 8419
50 8420
49 8421
50 8422
51 8423
52 8424
53 8425
54 8426
55 8427
56 8428
57 8429
48 8430
49 8431
50 8432
51 8433
52 8434
53 8435
54 8436
55 8437
56 8438
57 8439
48 8440
49 8441
50 8442
51 8443
52 8444
53 8445
54 8446
55 8447
56 8448
51 8449
48 8450
49 8451
52 8452
51 8453
50 8454
56 8455
54 8456
52 8457
56 8458
57 8459
53 8460
57 8461
48 8462
51 8463
52 8464
53 8465
54 8466
55 8467
56 8468
57 8469
48 8470
49 8471
50 8472
51 8473
52 8474
53 8475
54 8476
52 8477
53 8478
57 8479
48 8480
49 8481
50 8482
51 8483
52 8484
53 8485
54 8486
56 8487
56 8488
55 8489
48 8490
48 8491
50 8492
55 8493
52 8494
53 8495
54 8496
55 8497
56 8498
57 8499
48 8500
49 8501
50 8502
51 8503
56 8504
54 8505
54 8506
55 8507
56 8508
57 8509
48 8510
49 8511
53 8512
51 8513
52 8514
53 8515
54 8516
55 8517
56 8518
57 8519
48 8520
49 8521
50 8522
51 8523
52 8524
53 8525
54 8526
55 8527
56 8528
49 8529
48 8530
49 8531
51 8532
51 8533
52 8534
53 8535
54 8536
55 8537
56 8538
57 8539
48 8540
49 8541
50 8542
51 8543
52 8544
53 8545
54 8546
55 8547
53 8548
57 8549
48 8550
49 8551
50 8552
51 8553
52 8554
53 8555
54 8556
55 8557
56 8558
57 8559
48 8560
49 8561
52 8562
48 8563
52 8564
56 8565
54 8566
55 8567
56 8568
57 8569
48 8570
49 8571
50 8572
51 8573
52 8574
53 8575
54 8576
55 8577
56 8578
57 8579
57 8580
57 8581
50 8582
51 8583
52 8584
54 8585
56 8586
50 8587
54 8588
57 8589
48 8590
51 8591
50 8592
52 8593
52 8594
53 8595
54 8596
53 8597
56 8598
57 8599
48 8600
49 8601
49 8602
51 8603
52 8604
53 8605
54 8606
55 8607
56 8608
49 8609
48 8610
49 8611
48 8612
51 8613
52 8614
53 8615
54 8616
55 8617
56 8618
50 8619
52 8620
49 8621
49 8622
51 8623
52 8624
51 8625
54 8626
55 8627
56 8628
57 8629
48 8630
49 8631
50 8632
51 8633
52 8634
49 8635
54 8636
55 8637
48 8638
57 8639
51 8640
49 8641
50 8642
54 8643
52 8644
57 8645
48 8646
55 8647
56 8648
49 8649
48 8650
52 8651
50 8652
51 8653
52 8654
53 8655
54 8656
55 8657
56 8658
57 8659
48 8660
49 8661
50 8662
51 8663
52 8664
53 8665
54 8666
48 8667
54 8668
57 8669
48 8670
49 8671
49 8672
51 8673
52 8674
53 8675
53 8676
55 8677
56 8678
57 8679
48 8680
49 8681
50 8682
51 8683
52 8684
53 8685
54 8686
55 8687
56 8688
57 8689
48 8690
49 8691
50 8692
51 8693
52 8694
53 8695
54 8696
55 8697
56 8698
57 8699
48 8700
49 8701
55 8702
51 8703
52 8704
53 8705
57 8706
55 8707
56 8708
57 8709
48 8710
49 8711
52 8712
51 8713
48 8714
53 8715
54 8716
55 8717
56 8718
52 8719
48 8720
55 8721
50 8722
51 8723
52 8724
53 8725
54 8726
55 8727
56 8728
57 8729
48 8730
50 8731
50 8732
51 8733
52 8734
53 8735
54 8736
55 8737
56 8738
57 8739
48 8740
55 8741
50 8742
51 8743
52 8744
53 8745
54 8746
51 8747
48 8748
49 8749
48 8750
49 8751
50 8752
49 8753
52 8754
53 8755
54 8756
51 8757
56 8758
48 8759
48 8760
49 8761
50 8762
51 8763
52 8764
53 8765
54 8766
55 8767
56 8768
57 8769
48 8770
49 8771
50 8772
51 8773
52 8774
54 8775
54 8776
55 8777
56 8778
57 8779
48 8780
49 8781
49 8782
51 8783
52 8784
53 8785
53 8786
55 8787
56 8788
57 8789
48 8790
53 8791
50 8792
51 8793
52 8794
53 8795
54 8796
55 8797
56 8798
57 8799
55 8800
49 8801
50 8802
51 8803
52 8804
53 8805
54 8806
55 8807
56 8808
57 8809
48 8810
52 8811
50 8812
51 8813
52 8814
53 8815
54 8816
57 8817
52 8818
57 8819
48 8820
49 8821
50 8822
51 8823
52 8824
49 8825
54 8826
54 8827
56 8828
57 8829
48 8830
49 8831
53 8832
51 8833
52 8834
53 8835
54 8836
55 8837
56 8838
57 8839
53 8840
49 8841
50 8842
51 8843
52 8844
53 8845
54 8846
55 8847
50 8848
57 8849
56 8850
49 8851
50 8852
51 8853
56 8854
53 8855
56 8856
55 8857
56 8858
57 8859
48 8860
49 8861
50 8862
55 8863
52 8864
53 8865
54 8866
55 8867
56 8868
57 8869
48 8870
51 8871
50 8872
51 8873
56 8874
53 8875
54 8876
55 8877
56 8878
57 8879
48 8880
49 8881
50 8882
51 8883
52 8884
53 8885
54 8886
55 8887
56 8888
57 8889
48 8890
49 8891
50 8892
56 8893
52 8894
53 8895
51 8896
55 8897
56 8898
57 8899
48 8900
49 8901
50 8902
51 8903
52 8904
52 8905
54 8906
55 8907
56 8908
53 8909
48 8910
49 8911
50 8912
51 8913
52 8914
52 8915
54 8916
52 8917
56 8918
57 8919
48 8920
49 8921
50 8922
51 8923
51 8924
53 8925
54 8926
55 8927
56 8928
56 8929
48 8930
49 8931
50 8932
51 8933
52 8934
53 8935
54 8936
55 8937
56 8938
49 8939
48 8940
54 8941
50 8942
51 8943
52 8944
53 8945
54 8946
50 8947
48 8948
57 8949
52 8950
49 8951
50 8952
51 8953
52 8954
53 8955
54 8956
55 8957
56 8958
57 8959
48 8960
49 8961
52 8962
51 8963
52 8964
53 8965
54 8966
55 8967
56 8968
57 8969
54 8970
49 8971
50 8972
51 8973
52 8974
49 8975
54 8976
55 8977
56 8978
57 8979
48 8980
49 8981
50 8982
51 8983
52 8984
53 8985
54 8986
55 8987
56 8988
55 8989
48 8990
49 8991
50 8992
51 8993
52 8994
55 8995
54 8996
55 8997
56 8998
57 8999
48 9000
49 9001
50 9002
51 9003
55 9004
53 9005
53 9006
55 9007
56 9008
57 9009
54 9010
49 9011
50 9012
51 9013
51 9014
53 9015
51 9016
53 9017
56 9018
57 9019
48 9020
49 9021
50 9022
51 9023
57 9024
53 9025
54 9026
55 9027
56 9028
57 9029
48 9030
49 9031
50 9032
51 9033
48 9034
53 9035
54 9036
55 9037
56 9038
54 9039
48 9040
49 9041
50 9042
51 9043
52 9044
54 9045
54 9046
55 9047
56 9048
57 9049
48 9050
49 9051
50 9052
51 9053
52 9054
53 9055
54 9056
55 9057
57 9058
57 9059
56 9060
49 9061
50 9062
51 9063
52 9064
51 9065
54 9066
48 9067
56 9068
57 9069
48 9070
55 9071
50 9072
51 9073
52 9074
48 9075
54 9076
55 9077
52 9078
57 9079
54 9080
49 9081
50 9082
51 9083
52 9084
53 9085
54 9086
55 9087
56 9088
57 9089
48 9090
49 9091
50 9092
51 9093
52 9094
53 9095
54 9096
55 9097
56 9098
57 9099
48 9100
48 9101
50 9102
48 9103
52 9104
53 9105
54 9106
48 9107
56 9108
55 9109
48 9110
49 9111
50 9112
51 9113
52 9114
53 9115
54 9116
51 9117
56 9118
57 9119
48 9120
49 9121
50 9122
51 9123
52 9124
53 9125
54 9126
55 9127
56 9128
57 9129
48 9130
49 9131
50 9132
51 9133
56 9134
54 9135
54 9136
55 9137
56 9138
57 9139
48 9140
49 9141
50 9142
51 9143
50 9144
53 9145
54 9146
55 9147
56 9148
57 9149
48 9150
49 9151
50 9152
54 9153
52 9154
53 9155
54 9156
53 9157
56 9158
51 9159
48 9160
49 9161
50 9162
50 9163
48 9164
53 9165
54 9166
55 9167
56 9168
57 9169
48 9170
49 9171
50 9172
51 9173
52 9174
53 9175
51 9176
50 9177
56 9178
57 9179
48 9180
49 9181
51 9182
51 9183
52 9184
53 9185
49 9186
51 9187
56 9188
48 9189
48 9190
49 9191
50 9192
52 9193
52 9194
53 9195
54 9196
55 9197
56 9198
50 9199
48 9200
49 9201
50 9202
51 9203
52 9204
53 9205
54 9206
55 9207
56 9208
57 9209
48 9210
49 9211
50 9212
51 9213
52 9214
53 9215
54 9216
55 9217
56 9218
55 9219
56 9220
49 9221
50 9222
51 9223
52 9224
53 9225
54 9226
55 9227
56 9228
57 9229
54 9230
49 9231
50 9232
51 9233
52 9234
53 9235
54 9236
57 9237
56 9238
57 9239
48 9240
54 9241
50 9242
54 9243
52 9244
53 9245
54 9246
55 9247
56 9248
57 9249
48 9250
51 9251
50 9252
51 9253
52 9254
53 9255
54 9256
55 9257
56 9258
57 9259
48 9260
49 9261
50 9262
51 9263
52 9264
53 9265
54 9266
55 9267
48 9268
57 9269
48 9270
49 9271
50 9272
51 9273
52 9274
53 9275
54 9276
49 9277
56 9278
57 9279
48 9280
49 9281
50 9282
56 9283
52 9284
49 9285
54 9286
55 9287
56 9288
57 9289
48 9290
48 9291
50 9292
51 9293
50 9294
48 9295
54 9296
55 9297
56 9298
57 9299
48 9300
53 9301
50 9302
51 9303
52 9304
53 9305
54 9306
55 9307
56 9308
57 9309
48 9310
49 9311
50 9312
51 9313
52 9314
53 9315
54 9316
55 9317
56 9318
57 9319
48 9320
49 9321
50 9322
51 9323
50 9324
53 9325
54 9326
55 9327
56 9328
57 9329
48 9330
49 9331
50 9332
51 9333
52 9334
53 9335
54 9336
55 9337
56 9338
57 9339
48 9340
49 9341
50 9342
51 9343
52 9344
53 9345
54 9346
51 9347
56 9348
57 9349
48 9350
49 9351
50 9352
51 9353
52 9354
53 9355
54 9356
55 9357
56 9358
57 9359
48 9360
49 9361
50 9362
50 9363
52 9364
53 9365
51 9366
55 9367
50 9368
57 9369
48 9370
49 9371
55 9372
51 9373
52 9374
53 9375
51 9376
55 9377
56 9378
57 9379
48 9380
49 9381
50 9382
51 9383
52 9384
53 9385
54 9386
55 9387
56 9388
57 9389
48 9390
49 9391
50 9392
56 9393
52 9394
52 9395
54 9396
55 9397
56 9398
57 9399
48 9400
49 9401
50 9402
51 9403
51 9404
53 9405
54 9406
55 9407
56 9408
53 9409
48 9410
49 9411
50 9412
55 9413
52 9414
56 9415
54 9416
55 9417
56 9418
57 9419
56 9420
49 9421
50 9422
51 9423
52 9424
53 9425
54 9426
55 9427
56 9428
57 9429
48 9430
49 9431
50 9432
48 9433
52 9434
53 9435
54 9436
55 9437
56 9438
57 9439
53 9440
49 9441
50 9442
51 9443
52 9444
53 9445
54 9446
55 9447
56 9448
57 9449
56 9450
49 9451
50 9452
51 9453
52 9454
53 9455
54 9456
55 9457
56 9458
57 9459
48 9460
49 9461
52 9462
51 9463
52 9464
55 9465
54 9466
55 9467
56 9468
57 9469
48 9470
49 9471
50 9472
51 9473
52 9474
54 9475
54 9476
53 9477
56 9478
57 9479
48 9480
49 9481
50 9482
51 9483
52 9484
53 9485
54 9486
55 9487
56 9488
57 9489
48 9490
49 9491
50 9492
51 9493
52 9494
53 9495
54 9496
55 9497
56 9498
57 9499
48 9500
49 9501
50 9502
57 9503
52 9504
53 9505
54 9506
55 9507
56 9508
57 9509
48 9510
49 9511
50 9512
51 9513
52 9514
53 9515
54 9516
51 9517
56 9518
57 9519
48 9520
49 9521
50 9522
51 9523
52 9524
53 9525
54 9526
55 9527
56 9528
57 9529
48 9530
49 9531
50 9532
51 9533
52 9534
53 9535
54 9536
55 9537
56 9538
57 9539
48 9540
49 9541
50 9542
51 9543
52 9544
48 9545
54 9546
49 9547
56 9548
57 9549
48 9550
49 9551
50 9552
51 9553
52 9554
53 9555
54 9556
55 9557
56 9558
57 9559
48 9560
49 9561
50 9562
51 9563
52 9564
53 9565
54 9566
55 9567
56 9568
57 9569
56 9570
49 9571
50 9572
57 9573
52 9574
48 9575
54 9576
55 9577
56 9578
57 9579
48 9580
49 9581
52 9582
51 9583
52 9584
53 9585
54 9586
55 9587
56 9588
57 9589
48 9590
49 9591
50 9592
51 9593
52 9594
53 9595
54 9596
55 9597
56 9598
56 9599
48 9600
49 9601
50 9602
51 9603
52 9604
53 9605
54 9606
55 9607
56 9608
57 9609
48 9610
49 9611
50 9612
51 9613
52 9614
53 9615
54 9616
55 9617
56 9618
57 9619
48 9620
49 9621
50 9622
51 9623
52 9624
53 9625
54 9626
55 9627
56 9628
57 9629
48 9630
50 9631
50 9632
51 9633
52 9634
53 9635
54 9636
55 9637
48 9638
57 9639
48 9640
49 9641
50 9642
51 9643
52 9644
53 9645
54 9646
55 9647
56 9648
57 9649
48 9650
49 9651
50 9652
51 9653
52 9654
53 9655
54 9656
55 9657
56 9658
57 9659
48 9660
49 9661
50 9662
51 9663
52 9664
53 9665
54 9666
55 9667
56 9668
57 9669
49 9670
49 9671
50 9672
51 9673
52 9674
53 9675
54 9676
55 9677
56 9678
50 9679
48 9680
49 9681
50 9682
54 9683
52 9684
53 9685
54 9686
55 9687
56 9688
57 9689
48 9690
49 9691
50 9692
51 9693
52 9694
53 9695
54 9696
55 9697
56 9698
57 9699
48 9700
54 9701
50 9702
51 9703
52 9704
53 9705
54 9706
55 9707
56 9708
57 9709
48 9710
49 9711
50 9712
51 9713
55 9714
56 9715
54 9716
55 9717
56 9718
57 9719
48 9720
49 9721
50 9722
51 9723
52 9724
53 9725
54 9726
55 9727
56 9728
57 9729
48 9730
49 9731
50 9732
51 9733
49 9734
53 9735
54 9736
55 9737
56 9738
57 9739
48 9740
49 9741
50 9742
51 9743
52 9744
53 9745
54 9746
55 9747
56 9748
57 9749
48 9750
49 9751
50 9752
51 9753
52 9754
53 9755
54 9756
55 9757
56 9758
57 9759
48 9760
49 9761
50 9762
51 9763
52 9764
53 9765
54 9766
55 9767
56 9768
57 9769
48 9770
56 9771
50 9772
51 9773
52 9774
53 9775
54 9776
55 9777
56 9778
57 9779
48 9780
49 9781
50 9782
51 9783
52 9784
53 9785
54 9786
55 9787
56 9788
57 9789
48 9790
49 9791
50 9792
51 9793
52 9794
53 9795
54 9796
55 9797
56 9798
57 9799
48 9800
49 9801
50 9802
51 9803
52 9804
53 9805
54 9806
55 9807
56 9808
57 9809
48 9810
49 9811
50 9812
51 9813
52 9814
53 9815
54 9816
55 9817
56 9818
57 9819
48 9820
49 9821
50 9822
51 9823
52 9824
53 9825
54 9826
55 9827
56 9828
57 9829
48 9830
49 9831
50 9832
51 9833
52 9834
53 9835
54 9836
55 9837
56 9838
57 9839
48 9840
49 9841
50 9842
51 9843
52 9844
53 9845
54 9846
55 9847
56 9848
57 9849
48 9850
49 9851
50 9852
51 9853
52 9854
53 9855
54 9856
55 9857
56 9858
57 9859
48 9860
49 9861
50 9862
51 9863
52 9864
53 9865
54 9866
55 9867
56 9868
57 9869
48 9870
49 9871
50 9872
51 9873
52 9874
53 9875
54 9876
55 9877
56 9878
57 9879
48 9880
49 9881
50 9882
51 9883
52 9884
53 9885
54 9886
55 9887
56 9888
57 9889
48 9890
49 9891
50 9892
51 9893
52 9894
53 9895
54 9896
55 9897
56 9898
57 9899
48 9900
49 9901
50 9902
51 9903
52 9904
53 9905
54 9906
55 9907
56 9908
57 9909
48 9910
49 9911
50 9912
51 9913
52 9914
53 9915
54 9916
55 9917
56 9918
57 9919
48 9920
49 9921
50 9922
51 9923
52 9924
53 9925
54 9926
55 9927
56 9928
57 9929
48 9930
49 9931
50 9932
51 9933
52 9934
53 9935
54 9936
55 9937
56 9938
57 9939
48 9940
49 9941
50 9942
51 9943
52 9944
53 9945
54 9946
55 9947
56 9948
57 9949
48 9950
49 9951
50 9952
51 9953
52 9954
53 9955
54 9956
55 9957
56 9958
57 9959
48 9960
49 9961
50 9962
51 9963
52 9964
53 9965
54 9966
55 9967
56 9968
57 9969
48 9970
49 9971
50 9972
51 9973
52 9974
53 9975
54 9976
55 9977
56 9978
57 9979
48 9980
49 9981
50 9982
51 9983
52 9984
53 9985
54 9986
55 9987
56 9988
57 9989
48 9990
49 9991
50 9992
51 9993
52 9994
53 9995
54 9996
55 9997
56 9998
57 9999
0 

10000 10000 10000
OK : The node index corresponds to its ID
